{"/Users/rossanderson/Documents/life-management/initiatives/kuskus/repo/kusto-language-server/server/src/kustoCompletion.ts":{"path":"/Users/rossanderson/Documents/life-management/initiatives/kuskus/repo/kusto-language-server/server/src/kustoCompletion.ts","statementMap":{"0":{"start":{"line":2,"column":0},"end":{"line":2,"column":62}},"1":{"start":{"line":3,"column":0},"end":{"line":3,"column":52}},"2":{"start":{"line":4,"column":32},"end":{"line":4,"column":64}},"3":{"start":{"line":7,"column":4},"end":{"line":9,"column":5}},"4":{"start":{"line":8,"column":8},"end":{"line":8,"column":63}},"5":{"start":{"line":10,"column":4},"end":{"line":42,"column":5}},"6":{"start":{"line":12,"column":12},"end":{"line":12,"column":69}},"7":{"start":{"line":14,"column":12},"end":{"line":14,"column":68}},"8":{"start":{"line":16,"column":12},"end":{"line":16,"column":67}},"9":{"start":{"line":18,"column":12},"end":{"line":18,"column":73}},"10":{"start":{"line":23,"column":12},"end":{"line":23,"column":71}},"11":{"start":{"line":25,"column":12},"end":{"line":25,"column":76}},"12":{"start":{"line":28,"column":12},"end":{"line":28,"column":71}},"13":{"start":{"line":36,"column":12},"end":{"line":36,"column":70}},"14":{"start":{"line":41,"column":12},"end":{"line":41,"column":67}},"15":{"start":{"line":45,"column":21},"end":{"line":45,"column":30}},"16":{"start":{"line":46,"column":26},"end":{"line":46,"column":87}},"17":{"start":{"line":47,"column":4},"end":{"line":49,"column":5}},"18":{"start":{"line":48,"column":8},"end":{"line":48,"column":98}},"19":{"start":{"line":50,"column":27},"end":{"line":50,"column":73}},"20":{"start":{"line":51,"column":4},"end":{"line":53,"column":5}},"21":{"start":{"line":52,"column":8},"end":{"line":52,"column":112}},"22":{"start":{"line":54,"column":28},"end":{"line":54,"column":81}},"23":{"start":{"line":55,"column":4},"end":{"line":57,"column":5}},"24":{"start":{"line":56,"column":8},"end":{"line":56,"column":118}},"25":{"start":{"line":58,"column":4},"end":{"line":58,"column":33}},"26":{"start":{"line":61,"column":28},"end":{"line":61,"column":90}},"27":{"start":{"line":62,"column":4},"end":{"line":64,"column":5}},"28":{"start":{"line":63,"column":8},"end":{"line":63,"column":18}},"29":{"start":{"line":66,"column":34},"end":{"line":78,"column":40}},"30":{"start":{"line":70,"column":8},"end":{"line":72,"column":9}},"31":{"start":{"line":71,"column":12},"end":{"line":71,"column":24}},"32":{"start":{"line":73,"column":8},"end":{"line":76,"column":10}},"33":{"start":{"line":78,"column":26},"end":{"line":78,"column":39}},"34":{"start":{"line":79,"column":4},"end":{"line":79,"column":33}},"35":{"start":{"line":81,"column":0},"end":{"line":81,"column":80}}},"fnMap":{"0":{"name":"getVSCodeCompletionItemKind","decl":{"start":{"line":5,"column":9},"end":{"line":5,"column":36}},"loc":{"start":{"line":5,"column":53},"end":{"line":43,"column":1}},"line":5},"1":{"name":"getCompletionItemsAtPosition","decl":{"start":{"line":44,"column":9},"end":{"line":44,"column":37}},"loc":{"start":{"line":44,"column":72},"end":{"line":59,"column":1}},"line":44},"2":{"name":"getVSCodeCompletionItemsAtPosition","decl":{"start":{"line":60,"column":9},"end":{"line":60,"column":43}},"loc":{"start":{"line":60,"column":78},"end":{"line":80,"column":1}},"line":60},"3":{"name":"(anonymous_3)","decl":{"start":{"line":68,"column":13},"end":{"line":68,"column":14}},"loc":{"start":{"line":68,"column":33},"end":{"line":77,"column":5}},"line":68},"4":{"name":"(anonymous_4)","decl":{"start":{"line":78,"column":16},"end":{"line":78,"column":17}},"loc":{"start":{"line":78,"column":26},"end":{"line":78,"column":39}},"line":78}},"branchMap":{"0":{"loc":{"start":{"line":7,"column":4},"end":{"line":9,"column":5}},"type":"if","locations":[{"start":{"line":7,"column":4},"end":{"line":9,"column":5}},{"start":{"line":7,"column":4},"end":{"line":9,"column":5}}],"line":7},"1":{"loc":{"start":{"line":7,"column":8},"end":{"line":7,"column":92}},"type":"binary-expr","locations":[{"start":{"line":7,"column":8},"end":{"line":7,"column":23}},{"start":{"line":7,"column":27},"end":{"line":7,"column":55}},{"start":{"line":7,"column":59},"end":{"line":7,"column":92}}],"line":7},"2":{"loc":{"start":{"line":10,"column":4},"end":{"line":42,"column":5}},"type":"switch","locations":[{"start":{"line":11,"column":8},"end":{"line":12,"column":69}},{"start":{"line":13,"column":8},"end":{"line":14,"column":68}},{"start":{"line":15,"column":8},"end":{"line":16,"column":67}},{"start":{"line":17,"column":8},"end":{"line":18,"column":73}},{"start":{"line":19,"column":8},"end":{"line":19,"column":66}},{"start":{"line":20,"column":8},"end":{"line":20,"column":64}},{"start":{"line":21,"column":8},"end":{"line":21,"column":67}},{"start":{"line":22,"column":8},"end":{"line":23,"column":71}},{"start":{"line":24,"column":8},"end":{"line":25,"column":76}},{"start":{"line":26,"column":8},"end":{"line":26,"column":59}},{"start":{"line":27,"column":8},"end":{"line":28,"column":71}},{"start":{"line":29,"column":8},"end":{"line":29,"column":57}},{"start":{"line":30,"column":8},"end":{"line":30,"column":58}},{"start":{"line":31,"column":8},"end":{"line":31,"column":63}},{"start":{"line":32,"column":8},"end":{"line":32,"column":64}},{"start":{"line":33,"column":8},"end":{"line":33,"column":64}},{"start":{"line":34,"column":8},"end":{"line":34,"column":62}},{"start":{"line":35,"column":8},"end":{"line":36,"column":70}},{"start":{"line":37,"column":8},"end":{"line":37,"column":62}},{"start":{"line":38,"column":8},"end":{"line":38,"column":62}},{"start":{"line":39,"column":8},"end":{"line":39,"column":58}},{"start":{"line":40,"column":8},"end":{"line":41,"column":67}}],"line":10},"3":{"loc":{"start":{"line":47,"column":4},"end":{"line":49,"column":5}},"type":"if","locations":[{"start":{"line":47,"column":4},"end":{"line":49,"column":5}},{"start":{"line":47,"column":4},"end":{"line":49,"column":5}}],"line":47},"4":{"loc":{"start":{"line":51,"column":4},"end":{"line":53,"column":5}},"type":"if","locations":[{"start":{"line":51,"column":4},"end":{"line":53,"column":5}},{"start":{"line":51,"column":4},"end":{"line":53,"column":5}}],"line":51},"5":{"loc":{"start":{"line":51,"column":8},"end":{"line":51,"column":50}},"type":"binary-expr","locations":[{"start":{"line":51,"column":8},"end":{"line":51,"column":23}},{"start":{"line":51,"column":27},"end":{"line":51,"column":50}}],"line":51},"6":{"loc":{"start":{"line":55,"column":4},"end":{"line":57,"column":5}},"type":"if","locations":[{"start":{"line":55,"column":4},"end":{"line":57,"column":5}},{"start":{"line":55,"column":4},"end":{"line":57,"column":5}}],"line":55},"7":{"loc":{"start":{"line":62,"column":4},"end":{"line":64,"column":5}},"type":"if","locations":[{"start":{"line":62,"column":4},"end":{"line":64,"column":5}},{"start":{"line":62,"column":4},"end":{"line":64,"column":5}}],"line":62},"8":{"loc":{"start":{"line":62,"column":8},"end":{"line":62,"column":50}},"type":"binary-expr","locations":[{"start":{"line":62,"column":8},"end":{"line":62,"column":24}},{"start":{"line":62,"column":28},"end":{"line":62,"column":50}}],"line":62},"9":{"loc":{"start":{"line":70,"column":8},"end":{"line":72,"column":9}},"type":"if","locations":[{"start":{"line":70,"column":8},"end":{"line":72,"column":9}},{"start":{"line":70,"column":8},"end":{"line":72,"column":9}}],"line":70},"10":{"loc":{"start":{"line":74,"column":19},"end":{"line":74,"column":51}},"type":"binary-expr","locations":[{"start":{"line":74,"column":19},"end":{"line":74,"column":45}},{"start":{"line":74,"column":49},"end":{"line":74,"column":51}}],"line":74}},"s":{"0":0,"1":0,"2":0,"3":0,"4":0,"5":0,"6":0,"7":0,"8":0,"9":0,"10":0,"11":0,"12":0,"13":0,"14":0,"15":0,"16":0,"17":0,"18":0,"19":0,"20":0,"21":0,"22":0,"23":0,"24":0,"25":0,"26":0,"27":0,"28":0,"29":0,"30":0,"31":0,"32":0,"33":0,"34":0,"35":0},"f":{"0":0,"1":0,"2":0,"3":0,"4":0},"b":{"0":[0,0],"1":[0,0,0],"2":[0,0,0,0,0,0,0,0,0,0,0,0,0,0,0,0,0,0,0,0,0,0],"3":[0,0],"4":[0,0],"5":[0,0],"6":[0,0],"7":[0,0],"8":[0,0],"9":[0,0],"10":[0,0]},"inputSourceMap":{"version":3,"file":"/Users/rossanderson/Documents/life-management/initiatives/kuskus/repo/kusto-language-server/server/src/kustoCompletion.ts","sources":["/Users/rossanderson/Documents/life-management/initiatives/kuskus/repo/kusto-language-server/server/src/kustoCompletion.ts"],"names":[],"mappings":";;;AAAA,iEAA2E;AAE3E,SAAS,2BAA2B,CAClC,cAAoD;IAEpD,6EAA6E;IAC7E,IAAI,CAAC,cAAc,IAAI,cAAc,CAAC,IAAI,KAAK,IAAI,IAAI,cAAc,CAAC,IAAI,KAAK,SAAS,EAAE,CAAC;QACzF,OAAO,0CAAkB,CAAC,IAAI,CAAC;IACjC,CAAC;IAED,QAAQ,cAAc,CAAC,IAAI,EAAE,CAAC;QAC5B,KAAK,KAAK,CAAC,QAAQ,CAAC,MAAM,CAAC,cAAc,CAAC,OAAO;YAC/C,OAAO,0CAAkB,CAAC,MAAM,CAAC;QACnC,KAAK,KAAK,CAAC,QAAQ,CAAC,MAAM,CAAC,cAAc,CAAC,QAAQ;YAChD,OAAO,0CAAkB,CAAC,KAAK,CAAC;QAClC,KAAK,KAAK,CAAC,QAAQ,CAAC,MAAM,CAAC,cAAc,CAAC,KAAK;YAC7C,OAAO,0CAAkB,CAAC,IAAI,CAAC;QACjC,KAAK,KAAK,CAAC,QAAQ,CAAC,MAAM,CAAC,cAAc,CAAC,MAAM;YAC9C,OAAO,0CAAkB,CAAC,UAAU,CAAC;QACvC,KAAK,KAAK,CAAC,QAAQ,CAAC,MAAM,CAAC,cAAc,CAAC,eAAe,CAAC;QAC1D,KAAK,KAAK,CAAC,QAAQ,CAAC,MAAM,CAAC,cAAc,CAAC,aAAa,CAAC;QACxD,KAAK,KAAK,CAAC,QAAQ,CAAC,MAAM,CAAC,cAAc,CAAC,gBAAgB,CAAC;QAC3D,KAAK,KAAK,CAAC,QAAQ,CAAC,MAAM,CAAC,cAAc,CAAC,iBAAiB;YACzD,OAAO,0CAAkB,CAAC,QAAQ,CAAC;QACrC,KAAK,KAAK,CAAC,QAAQ,CAAC,MAAM,CAAC,cAAc,CAAC,SAAS;YACjD,OAAO,0CAAkB,CAAC,aAAa,CAAC;QAC1C,KAAK,KAAK,CAAC,QAAQ,CAAC,MAAM,CAAC,cAAc,CAAC,QAAQ,CAAC;QACnD,KAAK,KAAK,CAAC,QAAQ,CAAC,MAAM,CAAC,cAAc,CAAC,UAAU;YAClD,OAAO,0CAAkB,CAAC,QAAQ,CAAC;QACrC,KAAK,KAAK,CAAC,QAAQ,CAAC,MAAM,CAAC,cAAc,CAAC,MAAM,CAAC;QACjD,KAAK,KAAK,CAAC,QAAQ,CAAC,MAAM,CAAC,cAAc,CAAC,OAAO,CAAC;QAClD,KAAK,KAAK,CAAC,QAAQ,CAAC,MAAM,CAAC,cAAc,CAAC,YAAY,CAAC;QACvD,KAAK,KAAK,CAAC,QAAQ,CAAC,MAAM,CAAC,cAAc,CAAC,aAAa,CAAC;QACxD,KAAK,KAAK,CAAC,QAAQ,CAAC,MAAM,CAAC,cAAc,CAAC,aAAa,CAAC;QACxD,KAAK,KAAK,CAAC,QAAQ,CAAC,MAAM,CAAC,cAAc,CAAC,WAAW,CAAC;QACtD,KAAK,KAAK,CAAC,QAAQ,CAAC,MAAM,CAAC,cAAc,CAAC,WAAW;YACnD,OAAO,0CAAkB,CAAC,OAAO,CAAC;QACpC,KAAK,KAAK,CAAC,QAAQ,CAAC,MAAM,CAAC,cAAc,CAAC,WAAW,CAAC;QACtD,KAAK,KAAK,CAAC,QAAQ,CAAC,MAAM,CAAC,cAAc,CAAC,WAAW,CAAC;QACtD,KAAK,KAAK,CAAC,QAAQ,CAAC,MAAM,CAAC,cAAc,CAAC,OAAO,CAAC;QAClD;YACE,OAAO,0CAAkB,CAAC,IAAI,CAAC;IACnC,CAAC;AACH,CAAC;AAED,SAAS,4BAA4B,CACnC,eAAiD,EACjD,IAAY,EACZ,SAAiB;IAEjB,MAAM,QAAQ,GAAG,EAAE,CAAC,EAAE,CAAC,CAAC,EAAE,CAAC;IAC3B,MAAM,aAAa,GAAG,eAAe,CAAC,kBAAkB,CACtD,IAAI,EACJ,SAAS,EACT,QAAQ,CACT,CAAC;IACF,IAAI,CAAC,aAAa,EAAE,CAAC;QACnB,MAAM,IAAI,KAAK,CACb,aAAa,IAAI,IAAI,SAAS,0CAA0C,CACzE,CAAC;IACJ,CAAC;IACD,MAAM,cAAc,GAAG,eAAe,CAAC,kBAAkB,CAAC,QAAQ,CAAC,CAAC,CAAC,CAAC;IACtE,IAAI,CAAC,cAAc,IAAI,CAAC,cAAc,CAAC,OAAO,EAAE,CAAC;QAC/C,MAAM,IAAI,KAAK,CACb,2BAA2B,IAAI,IAAI,SAAS,0CAA0C,CACvF,CAAC;IACJ,CAAC;IAED,MAAM,eAAe,GAAG,cAAc,CAAC,OAAO,CAAC,kBAAkB,CAAC,QAAQ,CAAC,CAAC,CAAC,CAAC;IAC9E,IAAI,CAAC,eAAe,EAAE,CAAC;QACrB,MAAM,IAAI,KAAK,CACb,iCAAiC,IAAI,IAAI,SAAS,0CAA0C,CAC7F,CAAC;IACJ,CAAC;IAED,OAAO,eAAe,CAAC,KAAK,CAAC;AAC/B,CAAC;AAED,SAAgB,kCAAkC,CAChD,eAAiD,EACjD,IAAY,EACZ,SAAiB;IAEjB,MAAM,eAAe,GAAG,4BAA4B,CAClD,eAAe,EACf,IAAI,EACJ,SAAS,CACV,CAAC;IACF,IAAI,CAAC,eAAe,IAAI,CAAC,eAAe,CAAC,KAAK,EAAE,CAAC;QAC/C,OAAO,EAAE,CAAC;IACZ,CAAC;IAED,8DAA8D;IAC9D,MAAM,qBAAqB,GAAsB,MAAc;SAC5D,OAAO,CAAC,eAAe,CAAC;SACxB,GAAG,CAAC,CAAC,cAAoD,EAAE,EAAE;QAC5D,2CAA2C;QAC3C,IAAI,CAAC,cAAc,EAAE,CAAC;YACpB,OAAO,IAAI,CAAC;QACd,CAAC;QACD,OAAO;YACL,KAAK,EAAE,cAAc,CAAC,WAAW,IAAI,EAAE;YACvC,IAAI,EAAE,2BAA2B,CAAC,cAAc,CAAC;SAClD,CAAC;IACJ,CAAC,CAAC;SACD,MAAM,CAAC,CAAC,IAA2B,EAA0B,EAAE,CAAC,IAAI,KAAK,IAAI,CAAC,CAAC;IAClF,OAAO,qBAAqB,CAAC;AAC/B,CAAC;AA7BD,gFA6BC","sourcesContent":["import { CompletionItemKind, CompletionItem } from \"vscode-languageserver\";\n\nfunction getVSCodeCompletionItemKind(\n  completionItem: Kusto.Language.Editor.CompletionItem,\n): CompletionItemKind {\n  // Defensive check for null/undefined completionItem or missing Kind property\n  if (!completionItem || completionItem.Kind === null || completionItem.Kind === undefined) {\n    return CompletionItemKind.Text;\n  }\n\n  switch (completionItem.Kind) {\n    case Kusto.Language.Editor.CompletionKind.Cluster:\n      return CompletionItemKind.Module;\n    case Kusto.Language.Editor.CompletionKind.Database:\n      return CompletionItemKind.Class;\n    case Kusto.Language.Editor.CompletionKind.Table:\n      return CompletionItemKind.Enum;\n    case Kusto.Language.Editor.CompletionKind.Column:\n      return CompletionItemKind.EnumMember;\n    case Kusto.Language.Editor.CompletionKind.BuiltInFunction:\n    case Kusto.Language.Editor.CompletionKind.LocalFunction:\n    case Kusto.Language.Editor.CompletionKind.DatabaseFunction:\n    case Kusto.Language.Editor.CompletionKind.AggregateFunction:\n      return CompletionItemKind.Function;\n    case Kusto.Language.Editor.CompletionKind.Parameter:\n      return CompletionItemKind.TypeParameter;\n    case Kusto.Language.Editor.CompletionKind.Variable:\n    case Kusto.Language.Editor.CompletionKind.Identifier:\n      return CompletionItemKind.Variable;\n    case Kusto.Language.Editor.CompletionKind.Syntax:\n    case Kusto.Language.Editor.CompletionKind.Keyword:\n    case Kusto.Language.Editor.CompletionKind.ScalarPrefix:\n    case Kusto.Language.Editor.CompletionKind.TabularPrefix:\n    case Kusto.Language.Editor.CompletionKind.TabularSuffix:\n    case Kusto.Language.Editor.CompletionKind.QueryPrefix:\n    case Kusto.Language.Editor.CompletionKind.ScalarInfix:\n      return CompletionItemKind.Keyword;\n    case Kusto.Language.Editor.CompletionKind.Punctuation:\n    case Kusto.Language.Editor.CompletionKind.RenderChart:\n    case Kusto.Language.Editor.CompletionKind.Unknown:\n    default:\n      return CompletionItemKind.Text;\n  }\n}\n\nfunction getCompletionItemsAtPosition(\n  kustoCodeScript: Kusto.Language.Editor.CodeScript,\n  line: number,\n  character: number,\n): System.Collections.Generic.IReadOnlyList$1<Kusto.Language.Editor.CompletionItem> | null {\n  const position = { v: -1 };\n  const positionValid = kustoCodeScript.TryGetTextPosition(\n    line,\n    character,\n    position,\n  );\n  if (!positionValid) {\n    throw new Error(\n      `Position (${line},${character}) not valid, cannot get completion items`,\n    );\n  }\n  const kustoCodeBlock = kustoCodeScript.GetBlockAtPosition(position.v);\n  if (!kustoCodeBlock || !kustoCodeBlock.Service) {\n    throw new Error(\n      `Code block at position (${line},${character}) not valid, cannot get completion items`,\n    );\n  }\n\n  const completionItems = kustoCodeBlock.Service.GetCompletionItems(position.v);\n  if (!completionItems) {\n    throw new Error(\n      `Completion items at position (${line},${character}) not valid, cannot get completion items`,\n    );\n  }\n\n  return completionItems.Items;\n}\n\nexport function getVSCodeCompletionItemsAtPosition(\n  kustoCodeScript: Kusto.Language.Editor.CodeScript,\n  line: number,\n  character: number,\n): CompletionItem[] {\n  const completionItems = getCompletionItemsAtPosition(\n    kustoCodeScript,\n    line,\n    character,\n  );\n  if (!completionItems || !completionItems.Count) {\n    return [];\n  }\n\n  // eslint-disable-next-line @typescript-eslint/no-explicit-any\n  const vsCodeCompletionItems: CompletionItem[] = (Bridge as any)\n    .toArray(completionItems)\n    .map((completionItem: Kusto.Language.Editor.CompletionItem) => {\n      // Add null-safety check for completionItem\n      if (!completionItem) {\n        return null;\n      }\n      return {\n        label: completionItem.DisplayText || \"\",\n        kind: getVSCodeCompletionItemKind(completionItem),\n      };\n    })\n    .filter((item: CompletionItem | null): item is CompletionItem => item !== null);\n  return vsCodeCompletionItems;\n}\n"]},"all":true},"/Users/rossanderson/Documents/life-management/initiatives/kuskus/repo/kusto-language-server/server/src/kustoConnection.ts":{"path":"/Users/rossanderson/Documents/life-management/initiatives/kuskus/repo/kusto-language-server/server/src/kustoConnection.ts","statementMap":{"0":{"start":{"line":2,"column":0},"end":{"line":2,"column":62}},"1":{"start":{"line":3,"column":0},"end":{"line":3,"column":61}},"2":{"start":{"line":4,"column":27},"end":{"line":4,"column":54}},"3":{"start":{"line":8,"column":16},"end":{"line":8,"column":25}},"4":{"start":{"line":10,"column":4},"end":{"line":12,"column":5}},"5":{"start":{"line":11,"column":8},"end":{"line":11,"column":39}},"6":{"start":{"line":14,"column":25},"end":{"line":14,"column":33}},"7":{"start":{"line":15,"column":4},"end":{"line":17,"column":5}},"8":{"start":{"line":16,"column":8},"end":{"line":16,"column":35}},"9":{"start":{"line":18,"column":17},"end":{"line":23,"column":6}},"10":{"start":{"line":19,"column":8},"end":{"line":22,"column":11}},"11":{"start":{"line":24,"column":24},"end":{"line":24,"column":59}},"12":{"start":{"line":25,"column":4},"end":{"line":25,"column":41}},"13":{"start":{"line":26,"column":4},"end":{"line":26,"column":23}},"14":{"start":{"line":28,"column":0},"end":{"line":28,"column":30}},"15":{"start":{"line":30,"column":4},"end":{"line":36,"column":5}},"16":{"start":{"line":31,"column":20},"end":{"line":31,"column":47}},"17":{"start":{"line":32,"column":8},"end":{"line":35,"column":10}},"18":{"start":{"line":37,"column":4},"end":{"line":40,"column":6}},"19":{"start":{"line":42,"column":0},"end":{"line":42,"column":58}}},"fnMap":{"0":{"name":"getClient","decl":{"start":{"line":9,"column":9},"end":{"line":9,"column":18}},"loc":{"start":{"line":9,"column":55},"end":{"line":27,"column":1}},"line":9},"1":{"name":"(anonymous_1)","decl":{"start":{"line":18,"column":121},"end":{"line":18,"column":122}},"loc":{"start":{"line":18,"column":141},"end":{"line":23,"column":5}},"line":18},"2":{"name":"getFirstOrDefaultClient","decl":{"start":{"line":29,"column":9},"end":{"line":29,"column":32}},"loc":{"start":{"line":29,"column":35},"end":{"line":41,"column":1}},"line":29}},"branchMap":{"0":{"loc":{"start":{"line":10,"column":4},"end":{"line":12,"column":5}},"type":"if","locations":[{"start":{"line":10,"column":4},"end":{"line":12,"column":5}},{"start":{"line":10,"column":4},"end":{"line":12,"column":5}}],"line":10},"1":{"loc":{"start":{"line":15,"column":4},"end":{"line":17,"column":5}},"type":"if","locations":[{"start":{"line":15,"column":4},"end":{"line":17,"column":5}},{"start":{"line":15,"column":4},"end":{"line":17,"column":5}}],"line":15},"2":{"loc":{"start":{"line":30,"column":4},"end":{"line":36,"column":5}},"type":"if","locations":[{"start":{"line":30,"column":4},"end":{"line":36,"column":5}},{"start":{"line":30,"column":4},"end":{"line":36,"column":5}}],"line":30}},"s":{"0":0,"1":0,"2":0,"3":0,"4":0,"5":0,"6":0,"7":0,"8":0,"9":0,"10":0,"11":0,"12":0,"13":0,"14":0,"15":0,"16":0,"17":0,"18":0,"19":0},"f":{"0":0,"1":0,"2":0},"b":{"0":[0,0],"1":[0,0],"2":[0,0]},"inputSourceMap":{"version":3,"file":"/Users/rossanderson/Documents/life-management/initiatives/kuskus/repo/kusto-language-server/server/src/kustoConnection.ts","sources":["/Users/rossanderson/Documents/life-management/initiatives/kuskus/repo/kusto-language-server/server/src/kustoConnection.ts"],"names":[],"mappings":";;;AAAA,uDAG0B;AAO1B,gEAAgE;AAChE,oCAAoC;AACpC,8DAA8D;AAC9D,MAAM,OAAO,GAAqB,IAAI,GAAG,EAAE,CAAC;AAE5C,SAAgB,SAAS,CACvB,UAAkB,EAClB,QAA4B,EAC5B,YAAoD;IAEpD,IAAI,OAAO,CAAC,GAAG,CAAC,UAAU,CAAC,EAAE,CAAC;QAC5B,OAAO,OAAO,CAAC,GAAG,CAAC,UAAU,CAAC,CAAC;IACjC,CAAC;IACD,gGAAgG;IAChG,IAAI,cAAc,GAAG,QAAQ,CAAC;IAC9B,IAAI,CAAC,cAAc,EAAE,CAAC;QACpB,cAAc,GAAG,SAAS,CAAC;IAC7B,CAAC;IAED,MAAM,IAAI,GAAG,+CAA4B,CAAC,2BAA2B,CACnE,UAAU,EACV,cAAc,EACd,CAAC,cAAc,EAAE,EAAE;QACjB,YAAY,CAAC;YACX,eAAe,EAAE,cAAc,CAAC,eAAe;YAC/C,QAAQ,EAAE,cAAc,CAAC,QAAQ;SAClC,CAAC,CAAC;IACL,CAAC,CACF,CAAC;IACF,MAAM,WAAW,GAAG,IAAI,yBAAW,CAAC,IAAI,CAAC,CAAC;IAC1C,OAAO,CAAC,GAAG,CAAC,UAAU,EAAE,WAAW,CAAC,CAAC;IACrC,OAAO,WAAW,CAAC;AACrB,CAAC;AA3BD,8BA2BC;AAED,SAAgB,uBAAuB;IAKrC,IAAI,OAAO,CAAC,IAAI,GAAG,CAAC,EAAE,CAAC;QACrB,MAAM,GAAG,GAAG,OAAO,CAAC,IAAI,EAAE,CAAC,IAAI,EAAE,CAAC,KAAK,CAAC;QACxC,OAAO;YACL,UAAU,EAAE,GAAG;YACf,WAAW,EAAE,OAAO,CAAC,GAAG,CAAC,OAAO,CAAC,IAAI,EAAE,CAAC,IAAI,EAAE,CAAC,KAAK,CAAC;SACtD,CAAC;IACJ,CAAC;IACD,OAAO;QACL,UAAU,EAAE,MAAM;QAClB,WAAW,EAAE,IAAI;KAClB,CAAC;AACJ,CAAC;AAhBD,0DAgBC","sourcesContent":["import {\n  Client as KustoClient,\n  KustoConnectionStringBuilder,\n} from \"azure-kusto-data\";\n\nexport interface TokenResponse {\n  verificationUrl: string;\n  userCode: string;\n}\n\n// Resource string to kusto client. The azure-kusto-data package\n// does not have typescript support.\n// eslint-disable-next-line @typescript-eslint/no-explicit-any\nconst clients: Map<string, any> = new Map();\n\nexport function getClient(\n  clusterUri: string,\n  tenantId: string | undefined,\n  authCallback: (tokenResponse: TokenResponse) => void,\n) {\n  if (clients.has(clusterUri)) {\n    return clients.get(clusterUri);\n  }\n  // If tenant id is empty in the input, consider it undefined when building the connection string\n  let actualTenantId = tenantId;\n  if (!actualTenantId) {\n    actualTenantId = undefined;\n  }\n\n  const kcsb = KustoConnectionStringBuilder.withAadDeviceAuthentication(\n    clusterUri,\n    actualTenantId,\n    (deviceCodeInfo) => {\n      authCallback({\n        verificationUrl: deviceCodeInfo.verificationUri,\n        userCode: deviceCodeInfo.userCode,\n      });\n    },\n  );\n  const kustoClient = new KustoClient(kcsb);\n  clients.set(clusterUri, kustoClient);\n  return kustoClient;\n}\n\nexport function getFirstOrDefaultClient(): {\n  clusterUri: string;\n  // eslint-disable-next-line @typescript-eslint/no-explicit-any\n  kustoClient: any;\n} {\n  if (clients.size > 0) {\n    const key = clients.keys().next().value;\n    return {\n      clusterUri: key,\n      kustoClient: clients.get(clients.keys().next().value),\n    };\n  }\n  return {\n    clusterUri: \"none\",\n    kustoClient: null,\n  };\n}\n"]},"all":true},"/Users/rossanderson/Documents/life-management/initiatives/kuskus/repo/kusto-language-server/server/src/kustoFormat.ts":{"path":"/Users/rossanderson/Documents/life-management/initiatives/kuskus/repo/kusto-language-server/server/src/kustoFormat.ts","statementMap":{"0":{"start":{"line":2,"column":0},"end":{"line":2,"column":62}},"1":{"start":{"line":3,"column":0},"end":{"line":3,"column":34}},"2":{"start":{"line":5,"column":16},"end":{"line":5,"column":22}},"3":{"start":{"line":6,"column":22},"end":{"line":6,"column":29}},"4":{"start":{"line":8,"column":4},"end":{"line":10,"column":5}},"5":{"start":{"line":9,"column":8},"end":{"line":9,"column":20}},"6":{"start":{"line":11,"column":32},"end":{"line":11,"column":64}},"7":{"start":{"line":12,"column":4},"end":{"line":14,"column":5}},"8":{"start":{"line":13,"column":8},"end":{"line":13,"column":20}},"9":{"start":{"line":15,"column":26},"end":{"line":15,"column":50}},"10":{"start":{"line":16,"column":39},"end":{"line":16,"column":66}},"11":{"start":{"line":17,"column":27},"end":{"line":17,"column":42}},"12":{"start":{"line":18,"column":4},"end":{"line":46,"column":5}},"13":{"start":{"line":20,"column":8},"end":{"line":23,"column":9}},"14":{"start":{"line":21,"column":12},"end":{"line":21,"column":86}},"15":{"start":{"line":22,"column":12},"end":{"line":22,"column":48}},"16":{"start":{"line":25,"column":27},"end":{"line":28,"column":37}},"17":{"start":{"line":30,"column":8},"end":{"line":32,"column":9}},"18":{"start":{"line":31,"column":12},"end":{"line":31,"column":47}},"19":{"start":{"line":33,"column":8},"end":{"line":40,"column":9}},"20":{"start":{"line":34,"column":43},"end":{"line":34,"column":120}},"21":{"start":{"line":35,"column":12},"end":{"line":39,"column":14}},"22":{"start":{"line":41,"column":8},"end":{"line":45,"column":10}},"23":{"start":{"line":47,"column":4},"end":{"line":51,"column":6}},"24":{"start":{"line":54,"column":28},"end":{"line":54,"column":30}},"25":{"start":{"line":55,"column":24},"end":{"line":55,"column":26}},"26":{"start":{"line":56,"column":33},"end":{"line":56,"column":38}},"27":{"start":{"line":57,"column":21},"end":{"line":57,"column":22}},"28":{"start":{"line":58,"column":19},"end":{"line":58,"column":41}},"29":{"start":{"line":59,"column":4},"end":{"line":61,"column":5}},"30":{"start":{"line":60,"column":8},"end":{"line":60,"column":20}},"31":{"start":{"line":62,"column":4},"end":{"line":74,"column":5}},"32":{"start":{"line":62,"column":17},"end":{"line":62,"column":18}},"33":{"start":{"line":63,"column":22},"end":{"line":63,"column":39}},"34":{"start":{"line":64,"column":31},"end":{"line":64,"column":85}},"35":{"start":{"line":65,"column":8},"end":{"line":68,"column":9}},"36":{"start":{"line":67,"column":12},"end":{"line":67,"column":21}},"37":{"start":{"line":69,"column":8},"end":{"line":69,"column":81}},"38":{"start":{"line":71,"column":8},"end":{"line":73,"column":9}},"39":{"start":{"line":72,"column":12},"end":{"line":72,"column":48}},"40":{"start":{"line":75,"column":4},"end":{"line":75,"column":36}},"41":{"start":{"line":77,"column":0},"end":{"line":77,"column":44}}},"fnMap":{"0":{"name":"formatBlock","decl":{"start":{"line":7,"column":9},"end":{"line":7,"column":20}},"loc":{"start":{"line":7,"column":74},"end":{"line":52,"column":1}},"line":7},"1":{"name":"formatCodeScript","decl":{"start":{"line":53,"column":9},"end":{"line":53,"column":25}},"loc":{"start":{"line":53,"column":43},"end":{"line":76,"column":1}},"line":53}},"branchMap":{"0":{"loc":{"start":{"line":8,"column":4},"end":{"line":10,"column":5}},"type":"if","locations":[{"start":{"line":8,"column":4},"end":{"line":10,"column":5}},{"start":{"line":8,"column":4},"end":{"line":10,"column":5}}],"line":8},"1":{"loc":{"start":{"line":12,"column":4},"end":{"line":14,"column":5}},"type":"if","locations":[{"start":{"line":12,"column":4},"end":{"line":14,"column":5}},{"start":{"line":12,"column":4},"end":{"line":14,"column":5}}],"line":12},"2":{"loc":{"start":{"line":12,"column":8},"end":{"line":12,"column":57}},"type":"binary-expr","locations":[{"start":{"line":12,"column":8},"end":{"line":12,"column":28}},{"start":{"line":12,"column":32},"end":{"line":12,"column":57}}],"line":12},"3":{"loc":{"start":{"line":18,"column":4},"end":{"line":46,"column":5}},"type":"if","locations":[{"start":{"line":18,"column":4},"end":{"line":46,"column":5}},{"start":{"line":18,"column":4},"end":{"line":46,"column":5}}],"line":18},"4":{"loc":{"start":{"line":20,"column":8},"end":{"line":23,"column":9}},"type":"if","locations":[{"start":{"line":20,"column":8},"end":{"line":23,"column":9}},{"start":{"line":20,"column":8},"end":{"line":23,"column":9}}],"line":20},"5":{"loc":{"start":{"line":30,"column":8},"end":{"line":32,"column":9}},"type":"if","locations":[{"start":{"line":30,"column":8},"end":{"line":32,"column":9}},{"start":{"line":30,"column":8},"end":{"line":32,"column":9}}],"line":30},"6":{"loc":{"start":{"line":33,"column":8},"end":{"line":40,"column":9}},"type":"if","locations":[{"start":{"line":33,"column":8},"end":{"line":40,"column":9}},{"start":{"line":33,"column":8},"end":{"line":40,"column":9}}],"line":33},"7":{"loc":{"start":{"line":59,"column":4},"end":{"line":61,"column":5}},"type":"if","locations":[{"start":{"line":59,"column":4},"end":{"line":61,"column":5}},{"start":{"line":59,"column":4},"end":{"line":61,"column":5}}],"line":59},"8":{"loc":{"start":{"line":65,"column":8},"end":{"line":68,"column":9}},"type":"if","locations":[{"start":{"line":65,"column":8},"end":{"line":68,"column":9}},{"start":{"line":65,"column":8},"end":{"line":68,"column":9}}],"line":65},"9":{"loc":{"start":{"line":71,"column":8},"end":{"line":73,"column":9}},"type":"if","locations":[{"start":{"line":71,"column":8},"end":{"line":73,"column":9}},{"start":{"line":71,"column":8},"end":{"line":73,"column":9}}],"line":71}},"s":{"0":0,"1":0,"2":0,"3":0,"4":0,"5":0,"6":0,"7":0,"8":0,"9":0,"10":0,"11":0,"12":0,"13":0,"14":0,"15":0,"16":0,"17":0,"18":0,"19":0,"20":0,"21":0,"22":0,"23":0,"24":0,"25":0,"26":0,"27":0,"28":0,"29":0,"30":0,"31":0,"32":0,"33":0,"34":0,"35":0,"36":0,"37":0,"38":0,"39":0,"40":0,"41":0},"f":{"0":0,"1":0},"b":{"0":[0,0],"1":[0,0],"2":[0,0],"3":[0,0],"4":[0,0],"5":[0,0],"6":[0,0],"7":[0,0],"8":[0,0],"9":[0,0]},"inputSourceMap":{"version":3,"file":"/Users/rossanderson/Documents/life-management/initiatives/kuskus/repo/kusto-language-server/server/src/kustoFormat.ts","sources":["/Users/rossanderson/Documents/life-management/initiatives/kuskus/repo/kusto-language-server/server/src/kustoFormat.ts"],"names":[],"mappings":";;;AAAA,+BAA+B;AAC/B,MAAM,OAAO,GAAW,MAAM,CAAC;AAC/B,MAAM,aAAa,GAAW,OAAO,CAAC;AAEtC,SAAS,WAAW,CAClB,KAAsC,EACtC,2BAAoC,EACpC,eAAuB;IAMvB,IAAI,CAAC,KAAK,CAAC,OAAO,EAAE,CAAC;QACnB,OAAO,IAAI,CAAC;IACd,CAAC;IAED,MAAM,mBAAmB,GAAG,KAAK,CAAC,OAAO,CAAC,gBAAgB,EAAE,CAAC;IAC7D,IAAI,CAAC,mBAAmB,IAAI,CAAC,mBAAmB,CAAC,IAAI,EAAE,CAAC;QACtD,OAAO,IAAI,CAAC;IACd,CAAC;IAED,MAAM,aAAa,GAAG,mBAAmB,CAAC,IAAI,CAAC;IAC/C,IAAI,4BAA4B,GAAG,2BAA2B,CAAC;IAC/D,IAAI,gBAAgB,GAAG,eAAe,CAAC;IAEvC,IAAI,KAAK,CAAC,IAAI,KAAK,OAAO,EAAE,CAAC;QAC3B,kEAAkE;QAClE,IAAI,CAAC,4BAA4B,EAAE,CAAC;YAClC,gBAAgB,GAAG,aAAa,CAAC,MAAM,GAAG,aAAa,CAAC,QAAQ,EAAE,CAAC,MAAM,CAAC;YAC1E,4BAA4B,GAAG,IAAI,CAAC;QACtC,CAAC;QACD,8BAA8B;QAC9B,IAAI,YAAY,GAAW,CACzB,GAAG,CAAC,MAAM,CAAC,gBAAgB,CAAC,GAAG,aAAa,CAAC,QAAQ,EAAE,CACxD;aACE,OAAO,CAAC,aAAa,EAAE,OAAO,GAAG,GAAG,CAAC,MAAM,CAAC,gBAAgB,CAAC,CAAC;aAC9D,SAAS,EAAE;aACX,MAAM,CAAC,OAAO,EAAE,OAAO,CAAC,CAAC;QAC5B,mCAAmC;QACnC,IAAI,YAAY,CAAC,IAAI,EAAE,KAAK,GAAG,EAAE,CAAC;YAChC,YAAY,GAAG,YAAY,CAAC,IAAI,EAAE,CAAC;QACrC,CAAC;QACD,IAAI,YAAY,CAAC,QAAQ,CAAC,MAAM,CAAC,EAAE,CAAC;YAClC,MAAM,sBAAsB,GAAW,YAAY,CAAC,SAAS,CAC3D,CAAC,EACD,YAAY,CAAC,WAAW,CAAC,OAAO,CAAC,GAAG,OAAO,CAAC,MAAM,CACnD,CAAC;YACF,OAAO;gBACL,aAAa,EAAE,sBAAsB;gBACrC,sBAAsB,EAAE,4BAA4B;gBACpD,UAAU,EAAE,gBAAgB;aAC7B,CAAC;QACJ,CAAC;QACD,OAAO;YACL,aAAa,EAAE,YAAY;YAC3B,sBAAsB,EAAE,4BAA4B;YACpD,UAAU,EAAE,gBAAgB;SAC7B,CAAC;IACJ,CAAC;IACD,OAAO;QACL,aAAa;QACb,sBAAsB,EAAE,4BAA4B;QACpD,UAAU,EAAE,gBAAgB;KAC7B,CAAC;AACJ,CAAC;AAED,SAAgB,gBAAgB,CAC9B,eAAiD;IAEjD,MAAM,eAAe,GAAa,EAAE,CAAC;IAErC,IAAI,aAAa,GAAW,EAAE,CAAC;IAC/B,IAAI,sBAAsB,GAAY,KAAK,CAAC;IAC5C,IAAI,UAAU,GAAW,CAAC,CAAC;IAC3B,MAAM,MAAM,GAAG,eAAe,CAAC,MAAM,CAAC;IACtC,IAAI,CAAC,MAAM,EAAE,CAAC;QACZ,OAAO,IAAI,CAAC;IACd,CAAC;IAED,KAAK,IAAI,CAAC,GAAG,CAAC,EAAE,CAAC,GAAG,MAAM,CAAC,KAAK,EAAE,CAAC,IAAI,CAAC,EAAE,CAAC;QACzC,MAAM,KAAK,GAAG,MAAM,CAAC,OAAO,CAAC,CAAC,CAAC,CAAC;QAChC,MAAM,cAAc,GAAG,WAAW,CAChC,KAAK,EACL,sBAAsB,EACtB,UAAU,CACX,CAAC;QACF,IAAI,CAAC,cAAc,EAAE,CAAC;YACpB,uCAAuC;YACvC,SAAS;QACX,CAAC;QACD,CAAC,EAAE,aAAa,EAAE,sBAAsB,EAAE,UAAU,EAAE,GAAG,cAAc,CAAC,CAAC;QACzE,sBAAsB;QACtB,IAAI,IAAI,CAAC,IAAI,CAAC,aAAa,CAAC,EAAE,CAAC;YAC7B,eAAe,CAAC,IAAI,CAAC,aAAa,CAAC,CAAC;QACtC,CAAC;IACH,CAAC;IAED,OAAO,eAAe,CAAC,IAAI,CAAC,EAAE,CAAC,CAAC;AAClC,CAAC;AAhCD,4CAgCC","sourcesContent":["// for future crossplat support\nconst NEWLINE: string = \"\\r\\n\";\nconst NEWLINE_REGEX: RegExp = /\\r\\n/g;\n\nfunction formatBlock(\n  block: Kusto.Language.Editor.CodeBlock,\n  hasSeenFirstQueryBlockParam: boolean,\n  indentSizeParam: number,\n): {\n  formattedText: string;\n  hasSeenFirstQueryBlock: boolean;\n  indentSize: number;\n} | null {\n  if (!block.Service) {\n    return null;\n  }\n\n  const formattedTextObject = block.Service.GetFormattedText();\n  if (!formattedTextObject || !formattedTextObject.Text) {\n    return null;\n  }\n\n  const formattedText = formattedTextObject.Text;\n  let actualHasSeenFirstQueryBlock = hasSeenFirstQueryBlockParam;\n  let actualIndentSize = indentSizeParam;\n\n  if (block.Kind === \"Query\") {\n    // Read the indent size from the first query block in the document\n    if (!actualHasSeenFirstQueryBlock) {\n      actualIndentSize = formattedText.length - formattedText.trimLeft().length;\n      actualHasSeenFirstQueryBlock = true;\n    }\n    // Add the indent to all lines\n    let indentedText: string = (\n      \" \".repeat(actualIndentSize) + formattedText.trimLeft()\n    )\n      .replace(NEWLINE_REGEX, NEWLINE + \" \".repeat(actualIndentSize))\n      .trimRight()\n      .concat(NEWLINE, NEWLINE);\n    // except the final } of a function\n    if (indentedText.trim() === \"}\") {\n      indentedText = indentedText.trim();\n    }\n    if (indentedText.endsWith(\"\\r\\n\")) {\n      const withoutFinalWhitespace: string = indentedText.substring(\n        0,\n        indentedText.lastIndexOf(NEWLINE) + NEWLINE.length,\n      );\n      return {\n        formattedText: withoutFinalWhitespace,\n        hasSeenFirstQueryBlock: actualHasSeenFirstQueryBlock,\n        indentSize: actualIndentSize,\n      };\n    }\n    return {\n      formattedText: indentedText,\n      hasSeenFirstQueryBlock: actualHasSeenFirstQueryBlock,\n      indentSize: actualIndentSize,\n    };\n  }\n  return {\n    formattedText,\n    hasSeenFirstQueryBlock: actualHasSeenFirstQueryBlock,\n    indentSize: actualIndentSize,\n  };\n}\n\nexport function formatCodeScript(\n  kustoCodeScript: Kusto.Language.Editor.CodeScript,\n): string | null {\n  const formattedBlocks: string[] = [];\n\n  let formattedText: string = \"\";\n  let hasSeenFirstQueryBlock: boolean = false;\n  let indentSize: number = 0;\n  const blocks = kustoCodeScript.Blocks;\n  if (!blocks) {\n    return null;\n  }\n\n  for (let i = 0; i < blocks.Count; i += 1) {\n    const block = blocks.getItem(i);\n    const formattedBlock = formatBlock(\n      block,\n      hasSeenFirstQueryBlock,\n      indentSize,\n    );\n    if (!formattedBlock) {\n      // eslint-disable-next-line no-continue\n      continue;\n    }\n    ({ formattedText, hasSeenFirstQueryBlock, indentSize } = formattedBlock);\n    // Remove empty blocks\n    if (/\\S/.test(formattedText)) {\n      formattedBlocks.push(formattedText);\n    }\n  }\n\n  return formattedBlocks.join(\"\");\n}\n"]},"all":true},"/Users/rossanderson/Documents/life-management/initiatives/kuskus/repo/kusto-language-server/server/src/kustoSymbols.ts":{"path":"/Users/rossanderson/Documents/life-management/initiatives/kuskus/repo/kusto-language-server/server/src/kustoSymbols.ts","statementMap":{"0":{"start":{"line":2,"column":16},"end":{"line":10,"column":1}},"1":{"start":{"line":3,"column":28},"end":{"line":3,"column":110}},"2":{"start":{"line":3,"column":91},"end":{"line":3,"column":106}},"3":{"start":{"line":4,"column":4},"end":{"line":9,"column":7}},"4":{"start":{"line":5,"column":36},"end":{"line":5,"column":97}},"5":{"start":{"line":5,"column":42},"end":{"line":5,"column":70}},"6":{"start":{"line":5,"column":85},"end":{"line":5,"column":95}},"7":{"start":{"line":6,"column":35},"end":{"line":6,"column":100}},"8":{"start":{"line":6,"column":41},"end":{"line":6,"column":73}},"9":{"start":{"line":6,"column":88},"end":{"line":6,"column":98}},"10":{"start":{"line":7,"column":32},"end":{"line":7,"column":116}},"11":{"start":{"line":8,"column":8},"end":{"line":8,"column":78}},"12":{"start":{"line":11,"column":0},"end":{"line":11,"column":62}},"13":{"start":{"line":12,"column":0},"end":{"line":12,"column":65}},"14":{"start":{"line":16,"column":4},"end":{"line":18,"column":5}},"15":{"start":{"line":17,"column":8},"end":{"line":17,"column":20}},"16":{"start":{"line":19,"column":4},"end":{"line":27,"column":5}},"17":{"start":{"line":20,"column":8},"end":{"line":20,"column":62}},"18":{"start":{"line":25,"column":8},"end":{"line":25,"column":63}},"19":{"start":{"line":26,"column":8},"end":{"line":26,"column":20}},"20":{"start":{"line":32,"column":23},"end":{"line":32,"column":71}},"21":{"start":{"line":32,"column":62},"end":{"line":32,"column":70}},"22":{"start":{"line":34,"column":4},"end":{"line":38,"column":5}},"23":{"start":{"line":36,"column":26},"end":{"line":36,"column":89}},"24":{"start":{"line":37,"column":8},"end":{"line":37,"column":76}},"25":{"start":{"line":39,"column":4},"end":{"line":39,"column":100}},"26":{"start":{"line":44,"column":19},"end":{"line":47,"column":32}},"27":{"start":{"line":47,"column":23},"end":{"line":47,"column":31}},"28":{"start":{"line":48,"column":20},"end":{"line":48,"column":22}},"29":{"start":{"line":49,"column":4},"end":{"line":49,"column":71}},"30":{"start":{"line":49,"column":30},"end":{"line":49,"column":69}},"31":{"start":{"line":50,"column":4},"end":{"line":50,"column":19}},"32":{"start":{"line":53,"column":20},"end":{"line":53,"column":22}},"33":{"start":{"line":55,"column":19},"end":{"line":55,"column":50}},"34":{"start":{"line":56,"column":27},"end":{"line":56,"column":48}},"35":{"start":{"line":57,"column":4},"end":{"line":66,"column":7}},"36":{"start":{"line":59,"column":8},"end":{"line":65,"column":9}},"37":{"start":{"line":60,"column":31},"end":{"line":60,"column":60}},"38":{"start":{"line":62,"column":12},"end":{"line":64,"column":13}},"39":{"start":{"line":63,"column":16},"end":{"line":63,"column":119}},"40":{"start":{"line":67,"column":4},"end":{"line":67,"column":19}},"41":{"start":{"line":76,"column":4},"end":{"line":102,"column":7}},"42":{"start":{"line":77,"column":30},"end":{"line":77,"column":32}},"43":{"start":{"line":78,"column":8},"end":{"line":101,"column":11}},"44":{"start":{"line":82,"column":12},"end":{"line":84,"column":13}},"45":{"start":{"line":83,"column":16},"end":{"line":83,"column":57}},"46":{"start":{"line":86,"column":12},"end":{"line":86,"column":33}},"47":{"start":{"line":87,"column":12},"end":{"line":89,"column":13}},"48":{"start":{"line":88,"column":16},"end":{"line":88,"column":81}},"49":{"start":{"line":90,"column":35},"end":{"line":90,"column":60}},"50":{"start":{"line":92,"column":12},"end":{"line":99,"column":13}},"51":{"start":{"line":92,"column":25},"end":{"line":92,"column":26}},"52":{"start":{"line":93,"column":16},"end":{"line":98,"column":19}},"53":{"start":{"line":100,"column":12},"end":{"line":100,"column":42}},"54":{"start":{"line":115,"column":4},"end":{"line":145,"column":7}},"55":{"start":{"line":116,"column":34},"end":{"line":116,"column":36}},"56":{"start":{"line":117,"column":8},"end":{"line":144,"column":11}},"57":{"start":{"line":121,"column":12},"end":{"line":123,"column":13}},"58":{"start":{"line":122,"column":16},"end":{"line":122,"column":57}},"59":{"start":{"line":125,"column":12},"end":{"line":125,"column":33}},"60":{"start":{"line":126,"column":12},"end":{"line":128,"column":13}},"61":{"start":{"line":127,"column":16},"end":{"line":127,"column":81}},"62":{"start":{"line":129,"column":35},"end":{"line":129,"column":60}},"63":{"start":{"line":131,"column":12},"end":{"line":142,"column":13}},"64":{"start":{"line":131,"column":25},"end":{"line":131,"column":26}},"65":{"start":{"line":132,"column":16},"end":{"line":141,"column":19}},"66":{"start":{"line":143,"column":12},"end":{"line":143,"column":46}},"67":{"start":{"line":159,"column":4},"end":{"line":189,"column":7}},"68":{"start":{"line":160,"column":31},"end":{"line":160,"column":33}},"69":{"start":{"line":161,"column":8},"end":{"line":188,"column":11}},"70":{"start":{"line":165,"column":12},"end":{"line":167,"column":13}},"71":{"start":{"line":166,"column":16},"end":{"line":166,"column":57}},"72":{"start":{"line":169,"column":12},"end":{"line":169,"column":33}},"73":{"start":{"line":170,"column":12},"end":{"line":172,"column":13}},"74":{"start":{"line":171,"column":16},"end":{"line":171,"column":78}},"75":{"start":{"line":173,"column":35},"end":{"line":173,"column":60}},"76":{"start":{"line":175,"column":12},"end":{"line":186,"column":13}},"77":{"start":{"line":175,"column":25},"end":{"line":175,"column":26}},"78":{"start":{"line":176,"column":16},"end":{"line":185,"column":19}},"79":{"start":{"line":187,"column":12},"end":{"line":187,"column":43}},"80":{"start":{"line":192,"column":4},"end":{"line":221,"column":7}},"81":{"start":{"line":193,"column":8},"end":{"line":220,"column":11}},"82":{"start":{"line":197,"column":12},"end":{"line":199,"column":13}},"83":{"start":{"line":198,"column":16},"end":{"line":198,"column":57}},"84":{"start":{"line":201,"column":12},"end":{"line":201,"column":33}},"85":{"start":{"line":202,"column":12},"end":{"line":204,"column":13}},"86":{"start":{"line":203,"column":16},"end":{"line":203,"column":78}},"87":{"start":{"line":205,"column":35},"end":{"line":205,"column":60}},"88":{"start":{"line":207,"column":34},"end":{"line":218,"column":13}},"89":{"start":{"line":219,"column":12},"end":{"line":219,"column":42}},"90":{"start":{"line":224,"column":20},"end":{"line":224,"column":22}},"91":{"start":{"line":226,"column":4},"end":{"line":228,"column":5}},"92":{"start":{"line":227,"column":8},"end":{"line":227,"column":85}},"93":{"start":{"line":229,"column":4},"end":{"line":229,"column":19}},"94":{"start":{"line":235,"column":20},"end":{"line":235,"column":22}},"95":{"start":{"line":237,"column":4},"end":{"line":241,"column":5}},"96":{"start":{"line":239,"column":26},"end":{"line":239,"column":144}},"97":{"start":{"line":240,"column":8},"end":{"line":240,"column":92}},"98":{"start":{"line":242,"column":4},"end":{"line":242,"column":19}},"99":{"start":{"line":246,"column":4},"end":{"line":267,"column":7}},"100":{"start":{"line":255,"column":30},"end":{"line":255,"column":86}},"101":{"start":{"line":256,"column":33},"end":{"line":256,"column":92}},"102":{"start":{"line":257,"column":28},"end":{"line":257,"column":62}},"103":{"start":{"line":258,"column":8},"end":{"line":260,"column":9}},"104":{"start":{"line":259,"column":12},"end":{"line":259,"column":24}},"105":{"start":{"line":261,"column":24},"end":{"line":261,"column":26}},"106":{"start":{"line":262,"column":8},"end":{"line":262,"column":56}},"107":{"start":{"line":263,"column":8},"end":{"line":263,"column":75}},"108":{"start":{"line":264,"column":8},"end":{"line":266,"column":86}},"109":{"start":{"line":269,"column":0},"end":{"line":269,"column":50}},"110":{"start":{"line":271,"column":4},"end":{"line":279,"column":7}},"111":{"start":{"line":272,"column":28},"end":{"line":272,"column":93}},"112":{"start":{"line":273,"column":24},"end":{"line":273,"column":52}},"113":{"start":{"line":274,"column":25},"end":{"line":274,"column":90}},"114":{"start":{"line":275,"column":8},"end":{"line":277,"column":9}},"115":{"start":{"line":276,"column":12},"end":{"line":276,"column":24}},"116":{"start":{"line":278,"column":8},"end":{"line":278,"column":85}},"117":{"start":{"line":281,"column":0},"end":{"line":281,"column":46}}},"fnMap":{"0":{"name":"(anonymous_0)","decl":{"start":{"line":2,"column":44},"end":{"line":2,"column":45}},"loc":{"start":{"line":2,"column":89},"end":{"line":10,"column":1}},"line":2},"1":{"name":"adopt","decl":{"start":{"line":3,"column":13},"end":{"line":3,"column":18}},"loc":{"start":{"line":3,"column":26},"end":{"line":3,"column":112}},"line":3},"2":{"name":"(anonymous_2)","decl":{"start":{"line":3,"column":70},"end":{"line":3,"column":71}},"loc":{"start":{"line":3,"column":89},"end":{"line":3,"column":108}},"line":3},"3":{"name":"(anonymous_3)","decl":{"start":{"line":4,"column":36},"end":{"line":4,"column":37}},"loc":{"start":{"line":4,"column":63},"end":{"line":9,"column":5}},"line":4},"4":{"name":"fulfilled","decl":{"start":{"line":5,"column":17},"end":{"line":5,"column":26}},"loc":{"start":{"line":5,"column":34},"end":{"line":5,"column":99}},"line":5},"5":{"name":"rejected","decl":{"start":{"line":6,"column":17},"end":{"line":6,"column":25}},"loc":{"start":{"line":6,"column":33},"end":{"line":6,"column":102}},"line":6},"6":{"name":"step","decl":{"start":{"line":7,"column":17},"end":{"line":7,"column":21}},"loc":{"start":{"line":7,"column":30},"end":{"line":7,"column":118}},"line":7},"7":{"name":"getTypeSymbol","decl":{"start":{"line":14,"column":9},"end":{"line":14,"column":22}},"loc":{"start":{"line":14,"column":29},"end":{"line":28,"column":1}},"line":14},"8":{"name":"getSingleParameter","decl":{"start":{"line":29,"column":9},"end":{"line":29,"column":27}},"loc":{"start":{"line":29,"column":39},"end":{"line":40,"column":1}},"line":29},"9":{"name":"(anonymous_9)","decl":{"start":{"line":32,"column":55},"end":{"line":32,"column":56}},"loc":{"start":{"line":32,"column":62},"end":{"line":32,"column":70}},"line":32},"10":{"name":"getParameters","decl":{"start":{"line":41,"column":9},"end":{"line":41,"column":22}},"loc":{"start":{"line":41,"column":35},"end":{"line":51,"column":1}},"line":41},"11":{"name":"(anonymous_11)","decl":{"start":{"line":47,"column":16},"end":{"line":47,"column":17}},"loc":{"start":{"line":47,"column":23},"end":{"line":47,"column":31}},"line":47},"12":{"name":"(anonymous_12)","decl":{"start":{"line":49,"column":19},"end":{"line":49,"column":20}},"loc":{"start":{"line":49,"column":30},"end":{"line":49,"column":69}},"line":49},"13":{"name":"getTableColumns","decl":{"start":{"line":52,"column":9},"end":{"line":52,"column":24}},"loc":{"start":{"line":52,"column":39},"end":{"line":68,"column":1}},"line":52},"14":{"name":"(anonymous_14)","decl":{"start":{"line":57,"column":27},"end":{"line":57,"column":28}},"loc":{"start":{"line":57,"column":39},"end":{"line":66,"column":5}},"line":57},"15":{"name":"getDatabasesOnCluster","decl":{"start":{"line":75,"column":9},"end":{"line":75,"column":30}},"loc":{"start":{"line":75,"column":65},"end":{"line":103,"column":1}},"line":75},"16":{"name":"(anonymous_16)","decl":{"start":{"line":76,"column":23},"end":{"line":76,"column":24}},"loc":{"start":{"line":76,"column":44},"end":{"line":102,"column":5}},"line":76},"17":{"name":"(anonymous_17)","decl":{"start":{"line":81,"column":18},"end":{"line":81,"column":19}},"loc":{"start":{"line":81,"column":31},"end":{"line":101,"column":9}},"line":81},"18":{"name":"getFunctionMetadata","decl":{"start":{"line":114,"column":9},"end":{"line":114,"column":28}},"loc":{"start":{"line":114,"column":56},"end":{"line":146,"column":1}},"line":114},"19":{"name":"(anonymous_19)","decl":{"start":{"line":115,"column":23},"end":{"line":115,"column":24}},"loc":{"start":{"line":115,"column":44},"end":{"line":145,"column":5}},"line":115},"20":{"name":"(anonymous_20)","decl":{"start":{"line":120,"column":18},"end":{"line":120,"column":19}},"loc":{"start":{"line":120,"column":31},"end":{"line":144,"column":9}},"line":120},"21":{"name":"getTableMetadata","decl":{"start":{"line":158,"column":9},"end":{"line":158,"column":25}},"loc":{"start":{"line":158,"column":53},"end":{"line":190,"column":1}},"line":158},"22":{"name":"(anonymous_22)","decl":{"start":{"line":159,"column":23},"end":{"line":159,"column":24}},"loc":{"start":{"line":159,"column":44},"end":{"line":189,"column":5}},"line":159},"23":{"name":"(anonymous_23)","decl":{"start":{"line":164,"column":18},"end":{"line":164,"column":19}},"loc":{"start":{"line":164,"column":31},"end":{"line":188,"column":9}},"line":164},"24":{"name":"getTableSchema","decl":{"start":{"line":191,"column":9},"end":{"line":191,"column":23}},"loc":{"start":{"line":191,"column":62},"end":{"line":222,"column":1}},"line":191},"25":{"name":"(anonymous_25)","decl":{"start":{"line":192,"column":23},"end":{"line":192,"column":24}},"loc":{"start":{"line":192,"column":44},"end":{"line":221,"column":5}},"line":192},"26":{"name":"(anonymous_26)","decl":{"start":{"line":196,"column":18},"end":{"line":196,"column":19}},"loc":{"start":{"line":196,"column":31},"end":{"line":220,"column":9}},"line":196},"27":{"name":"getTableSymbols","decl":{"start":{"line":223,"column":9},"end":{"line":223,"column":24}},"loc":{"start":{"line":223,"column":35},"end":{"line":230,"column":1}},"line":223},"28":{"name":"getFunctionSymbols","decl":{"start":{"line":231,"column":9},"end":{"line":231,"column":27}},"loc":{"start":{"line":234,"column":13},"end":{"line":243,"column":1}},"line":234},"29":{"name":"getSymbolsOnCluster","decl":{"start":{"line":245,"column":9},"end":{"line":245,"column":28}},"loc":{"start":{"line":245,"column":63},"end":{"line":268,"column":1}},"line":245},"30":{"name":"(anonymous_30)","decl":{"start":{"line":246,"column":43},"end":{"line":246,"column":44}},"loc":{"start":{"line":246,"column":56},"end":{"line":267,"column":5}},"line":246},"31":{"name":"getSymbolsOnTable","decl":{"start":{"line":270,"column":9},"end":{"line":270,"column":26}},"loc":{"start":{"line":270,"column":85},"end":{"line":280,"column":1}},"line":270},"32":{"name":"(anonymous_32)","decl":{"start":{"line":271,"column":43},"end":{"line":271,"column":44}},"loc":{"start":{"line":271,"column":56},"end":{"line":279,"column":5}},"line":271}},"branchMap":{"0":{"loc":{"start":{"line":2,"column":16},"end":{"line":10,"column":1}},"type":"binary-expr","locations":[{"start":{"line":2,"column":17},"end":{"line":2,"column":21}},{"start":{"line":2,"column":25},"end":{"line":2,"column":39}},{"start":{"line":2,"column":44},"end":{"line":10,"column":1}}],"line":2},"1":{"loc":{"start":{"line":3,"column":35},"end":{"line":3,"column":109}},"type":"cond-expr","locations":[{"start":{"line":3,"column":56},"end":{"line":3,"column":61}},{"start":{"line":3,"column":64},"end":{"line":3,"column":109}}],"line":3},"2":{"loc":{"start":{"line":4,"column":16},"end":{"line":4,"column":34}},"type":"binary-expr","locations":[{"start":{"line":4,"column":16},"end":{"line":4,"column":17}},{"start":{"line":4,"column":22},"end":{"line":4,"column":33}}],"line":4},"3":{"loc":{"start":{"line":7,"column":32},"end":{"line":7,"column":115}},"type":"cond-expr","locations":[{"start":{"line":7,"column":46},"end":{"line":7,"column":67}},{"start":{"line":7,"column":70},"end":{"line":7,"column":115}}],"line":7},"4":{"loc":{"start":{"line":8,"column":51},"end":{"line":8,"column":67}},"type":"binary-expr","locations":[{"start":{"line":8,"column":51},"end":{"line":8,"column":61}},{"start":{"line":8,"column":65},"end":{"line":8,"column":67}}],"line":8},"5":{"loc":{"start":{"line":16,"column":4},"end":{"line":18,"column":5}},"type":"if","locations":[{"start":{"line":16,"column":4},"end":{"line":18,"column":5}},{"start":{"line":16,"column":4},"end":{"line":18,"column":5}}],"line":16},"6":{"loc":{"start":{"line":16,"column":8},"end":{"line":16,"column":41}},"type":"binary-expr","locations":[{"start":{"line":16,"column":8},"end":{"line":16,"column":13}},{"start":{"line":16,"column":17},"end":{"line":16,"column":41}}],"line":16},"7":{"loc":{"start":{"line":34,"column":4},"end":{"line":38,"column":5}},"type":"if","locations":[{"start":{"line":34,"column":4},"end":{"line":38,"column":5}},{"start":{"line":34,"column":4},"end":{"line":38,"column":5}}],"line":34},"8":{"loc":{"start":{"line":34,"column":8},"end":{"line":34,"column":44}},"type":"binary-expr","locations":[{"start":{"line":34,"column":8},"end":{"line":34,"column":19}},{"start":{"line":34,"column":23},"end":{"line":34,"column":44}}],"line":34},"9":{"loc":{"start":{"line":36,"column":26},"end":{"line":36,"column":89}},"type":"cond-expr","locations":[{"start":{"line":36,"column":64},"end":{"line":36,"column":77}},{"start":{"line":36,"column":80},"end":{"line":36,"column":89}}],"line":36},"10":{"loc":{"start":{"line":36,"column":26},"end":{"line":36,"column":61}},"type":"binary-expr","locations":[{"start":{"line":36,"column":26},"end":{"line":36,"column":36}},{"start":{"line":36,"column":40},"end":{"line":36,"column":61}}],"line":36},"11":{"loc":{"start":{"line":59,"column":8},"end":{"line":65,"column":9}},"type":"if","locations":[{"start":{"line":59,"column":8},"end":{"line":65,"column":9}},{"start":{"line":59,"column":8},"end":{"line":65,"column":9}}],"line":59},"12":{"loc":{"start":{"line":59,"column":12},"end":{"line":59,"column":33}},"type":"binary-expr","locations":[{"start":{"line":59,"column":12},"end":{"line":59,"column":18}},{"start":{"line":59,"column":22},"end":{"line":59,"column":33}}],"line":59},"13":{"loc":{"start":{"line":62,"column":12},"end":{"line":64,"column":13}},"type":"if","locations":[{"start":{"line":62,"column":12},"end":{"line":64,"column":13}},{"start":{"line":62,"column":12},"end":{"line":64,"column":13}}],"line":62},"14":{"loc":{"start":{"line":82,"column":12},"end":{"line":84,"column":13}},"type":"if","locations":[{"start":{"line":82,"column":12},"end":{"line":84,"column":13}},{"start":{"line":82,"column":12},"end":{"line":84,"column":13}}],"line":82},"15":{"loc":{"start":{"line":87,"column":12},"end":{"line":89,"column":13}},"type":"if","locations":[{"start":{"line":87,"column":12},"end":{"line":89,"column":13}},{"start":{"line":87,"column":12},"end":{"line":89,"column":13}}],"line":87},"16":{"loc":{"start":{"line":87,"column":16},"end":{"line":87,"column":69}},"type":"binary-expr","locations":[{"start":{"line":87,"column":16},"end":{"line":87,"column":39}},{"start":{"line":87,"column":43},"end":{"line":87,"column":69}}],"line":87},"17":{"loc":{"start":{"line":121,"column":12},"end":{"line":123,"column":13}},"type":"if","locations":[{"start":{"line":121,"column":12},"end":{"line":123,"column":13}},{"start":{"line":121,"column":12},"end":{"line":123,"column":13}}],"line":121},"18":{"loc":{"start":{"line":126,"column":12},"end":{"line":128,"column":13}},"type":"if","locations":[{"start":{"line":126,"column":12},"end":{"line":128,"column":13}},{"start":{"line":126,"column":12},"end":{"line":128,"column":13}}],"line":126},"19":{"loc":{"start":{"line":126,"column":16},"end":{"line":126,"column":69}},"type":"binary-expr","locations":[{"start":{"line":126,"column":16},"end":{"line":126,"column":39}},{"start":{"line":126,"column":43},"end":{"line":126,"column":69}}],"line":126},"20":{"loc":{"start":{"line":165,"column":12},"end":{"line":167,"column":13}},"type":"if","locations":[{"start":{"line":165,"column":12},"end":{"line":167,"column":13}},{"start":{"line":165,"column":12},"end":{"line":167,"column":13}}],"line":165},"21":{"loc":{"start":{"line":170,"column":12},"end":{"line":172,"column":13}},"type":"if","locations":[{"start":{"line":170,"column":12},"end":{"line":172,"column":13}},{"start":{"line":170,"column":12},"end":{"line":172,"column":13}}],"line":170},"22":{"loc":{"start":{"line":170,"column":16},"end":{"line":170,"column":69}},"type":"binary-expr","locations":[{"start":{"line":170,"column":16},"end":{"line":170,"column":39}},{"start":{"line":170,"column":43},"end":{"line":170,"column":69}}],"line":170},"23":{"loc":{"start":{"line":197,"column":12},"end":{"line":199,"column":13}},"type":"if","locations":[{"start":{"line":197,"column":12},"end":{"line":199,"column":13}},{"start":{"line":197,"column":12},"end":{"line":199,"column":13}}],"line":197},"24":{"loc":{"start":{"line":202,"column":12},"end":{"line":204,"column":13}},"type":"if","locations":[{"start":{"line":202,"column":12},"end":{"line":204,"column":13}},{"start":{"line":202,"column":12},"end":{"line":204,"column":13}}],"line":202},"25":{"loc":{"start":{"line":202,"column":16},"end":{"line":202,"column":69}},"type":"binary-expr","locations":[{"start":{"line":202,"column":16},"end":{"line":202,"column":39}},{"start":{"line":202,"column":43},"end":{"line":202,"column":69}}],"line":202},"26":{"loc":{"start":{"line":258,"column":8},"end":{"line":260,"column":9}},"type":"if","locations":[{"start":{"line":258,"column":8},"end":{"line":260,"column":9}},{"start":{"line":258,"column":8},"end":{"line":260,"column":9}}],"line":258},"27":{"loc":{"start":{"line":275,"column":8},"end":{"line":277,"column":9}},"type":"if","locations":[{"start":{"line":275,"column":8},"end":{"line":277,"column":9}},{"start":{"line":275,"column":8},"end":{"line":277,"column":9}}],"line":275}},"s":{"0":0,"1":0,"2":0,"3":0,"4":0,"5":0,"6":0,"7":0,"8":0,"9":0,"10":0,"11":0,"12":0,"13":0,"14":0,"15":0,"16":0,"17":0,"18":0,"19":0,"20":0,"21":0,"22":0,"23":0,"24":0,"25":0,"26":0,"27":0,"28":0,"29":0,"30":0,"31":0,"32":0,"33":0,"34":0,"35":0,"36":0,"37":0,"38":0,"39":0,"40":0,"41":0,"42":0,"43":0,"44":0,"45":0,"46":0,"47":0,"48":0,"49":0,"50":0,"51":0,"52":0,"53":0,"54":0,"55":0,"56":0,"57":0,"58":0,"59":0,"60":0,"61":0,"62":0,"63":0,"64":0,"65":0,"66":0,"67":0,"68":0,"69":0,"70":0,"71":0,"72":0,"73":0,"74":0,"75":0,"76":0,"77":0,"78":0,"79":0,"80":0,"81":0,"82":0,"83":0,"84":0,"85":0,"86":0,"87":0,"88":0,"89":0,"90":0,"91":0,"92":0,"93":0,"94":0,"95":0,"96":0,"97":0,"98":0,"99":0,"100":0,"101":0,"102":0,"103":0,"104":0,"105":0,"106":0,"107":0,"108":0,"109":0,"110":0,"111":0,"112":0,"113":0,"114":0,"115":0,"116":0,"117":0},"f":{"0":0,"1":0,"2":0,"3":0,"4":0,"5":0,"6":0,"7":0,"8":0,"9":0,"10":0,"11":0,"12":0,"13":0,"14":0,"15":0,"16":0,"17":0,"18":0,"19":0,"20":0,"21":0,"22":0,"23":0,"24":0,"25":0,"26":0,"27":0,"28":0,"29":0,"30":0,"31":0,"32":0},"b":{"0":[0,0,0],"1":[0,0],"2":[0,0],"3":[0,0],"4":[0,0],"5":[0,0],"6":[0,0],"7":[0,0],"8":[0,0],"9":[0,0],"10":[0,0],"11":[0,0],"12":[0,0],"13":[0,0],"14":[0,0],"15":[0,0],"16":[0,0],"17":[0,0],"18":[0,0],"19":[0,0],"20":[0,0],"21":[0,0],"22":[0,0],"23":[0,0],"24":[0,0],"25":[0,0],"26":[0,0],"27":[0,0]},"inputSourceMap":{"version":3,"file":"/Users/rossanderson/Documents/life-management/initiatives/kuskus/repo/kusto-language-server/server/src/kustoSymbols.ts","sources":["/Users/rossanderson/Documents/life-management/initiatives/kuskus/repo/kusto-language-server/server/src/kustoSymbols.ts"],"names":[],"mappings":";;;;;;;;;;;;AA+BA,mEAAmE;AAEnE,SAAS,aAAa,CACpB,IAAY;IAEZ,2CAA2C;IAC3C,IAAI,CAAC,IAAI,IAAI,OAAO,IAAI,KAAK,QAAQ,EAAE,CAAC;QACtC,OAAO,IAAI,CAAC;IACd,CAAC;IAED,IAAI,CAAC;QACH,OAAO,KAAK,CAAC,QAAQ,CAAC,OAAO,CAAC,YAAY,CAAC,IAAI,CAAC,IAAI,CAAC,CAAC;IACxD,CAAC;IAAC,OAAO,CAAC,EAAE,CAAC;QACX,6CAA6C;QAC7C,sCAAsC;QACtC,OAAO,CAAC,KAAK,CAAC,8BAA8B,IAAI,EAAE,EAAE,CAAC,CAAC,CAAC;QACvD,OAAO,IAAI,CAAC;IACd,CAAC;AACH,CAAC;AAED,SAAS,kBAAkB,CACzB,SAAiB;IAEjB,gBAAgB;IAChB,wBAAwB;IAExB,MAAM,UAAU,GAAG,SAAS,CAAC,KAAK,CAAC,OAAO,CAAC,CAAC,MAAM,CAAC,CAAC,CAAC,EAAE,EAAE,CAAC,CAAC,KAAK,EAAE,CAAC,CAAC;IAEpE,yBAAyB;IACzB,IAAI,CAAC,UAAU,IAAI,UAAU,CAAC,MAAM,GAAG,CAAC,EAAE,CAAC;QACzC,kEAAkE;QAClE,MAAM,SAAS,GACb,UAAU,IAAI,UAAU,CAAC,MAAM,GAAG,CAAC,CAAC,CAAC,CAAC,UAAU,CAAC,CAAC,CAAC,CAAC,CAAC,CAAC,SAAS,CAAC;QAClE,OAAO,IAAI,KAAK,CAAC,QAAQ,CAAC,OAAO,CAAC,SAAS,CAAC,MAAM,CAAC,SAAS,EAAE,IAAI,CAAC,CAAC;IACtE,CAAC;IAED,OAAO,IAAI,KAAK,CAAC,QAAQ,CAAC,OAAO,CAAC,SAAS,CAAC,MAAM,CAChD,UAAU,CAAC,CAAC,CAAC,EACb,aAAa,CAAC,UAAU,CAAC,CAAC,CAAC,CAAC,CAC7B,CAAC;AACJ,CAAC;AAED,SAAS,aAAa,CAAC,UAAkB;IACvC,gBAAgB;IAChB,kDAAkD;IAClD,MAAM,MAAM,GAAa,UAAU;SAChC,SAAS,CAAC,CAAC,EAAE,UAAU,CAAC,MAAM,GAAG,CAAC,CAAC;SACnC,KAAK,CAAC,GAAG,CAAC;SACV,MAAM,CAAC,CAAC,CAAC,EAAE,EAAE,CAAC,CAAC,KAAK,EAAE,CAAC,CAAC;IAC3B,MAAM,OAAO,GAAuC,EAAE,CAAC;IACvD,MAAM,CAAC,OAAO,CAAC,CAAC,KAAK,EAAE,EAAE,CAAC,OAAO,CAAC,IAAI,CAAC,kBAAkB,CAAC,KAAK,CAAC,CAAC,CAAC,CAAC;IACnE,OAAO,OAAO,CAAC;AACjB,CAAC;AAED,SAAS,eAAe,CACtB,YAAyB;IAEzB,MAAM,OAAO,GAA0C,EAAE,CAAC;IAC1D,8DAA8D;IAC9D,MAAM,MAAM,GAAQ,IAAI,CAAC,KAAK,CAAC,YAAY,CAAC,MAAM,CAAC,CAAC;IAEpD,MAAM,cAAc,GAAiB,MAAM,CAAC,cAAc,CAAC;IAE3D,cAAc,CAAC,OAAO,CAAC,CAAC,MAAM,EAAE,EAAE;QAChC,mDAAmD;QACnD,IAAI,MAAM,IAAI,MAAM,CAAC,IAAI,EAAE,CAAC;YAC1B,MAAM,UAAU,GAAG,aAAa,CAAC,MAAM,CAAC,OAAO,CAAC,CAAC;YACjD,+CAA+C;YAC/C,IAAI,UAAU,EAAE,CAAC;gBACf,OAAO,CAAC,IAAI,CACV,IAAI,KAAK,CAAC,QAAQ,CAAC,OAAO,CAAC,YAAY,CACrC,MAAM,CAAC,IAAI,EACX,UAAU,EACV,IAAI,EACJ,IAAI,EACJ,IAAI,EACJ,IAAI,CACL,CACF,CAAC;YACJ,CAAC;QACH,CAAC;IACH,CAAC,CAAC,CAAC;IAEH,OAAO,OAAO,CAAC;AACjB,CAAC;AAED;;;GAGG;AACH,0BAA0B;AAC1B,6DAA6D;AAC7D,SAAS,qBAAqB,CAC5B,WAAwB,EACxB,mBAA2B;IAE3B,OAAO,IAAI,OAAO,CAAC,CAAC,OAAO,EAAE,MAAM,EAAE,EAAE;QACrC,MAAM,aAAa,GAAmD,EAAE,CAAC;QACzE,WAAW;aACR,OAAO,CAAC,mBAAmB,EAAE,yBAAyB,CAAC;aACvD,KAAK,CAAC,MAAM,CAAC;aACb,IAAI,CAAC,CAAC,OAAO,EAAE,EAAE;YAChB,IAAI,CAAC,OAAO,EAAE,CAAC;gBACb,OAAO,MAAM,CAAC,IAAI,KAAK,CAAC,cAAc,CAAC,CAAC,CAAC;YAC3C,CAAC;YAED,sCAAsC;YACtC,OAAO,CAAC,GAAG,CAAC,OAAO,CAAC,CAAC;YACrB,IAAI,CAAC,OAAO,CAAC,cAAc,IAAI,CAAC,OAAO,CAAC,cAAc,CAAC,CAAC,CAAC,EAAE,CAAC;gBAC1D,OAAO,MAAM,CAAC,IAAI,KAAK,CAAC,sCAAsC,CAAC,CAAC,CAAC;YACnE,CAAC;YACD,MAAM,cAAc,GAAG,OAAO,CAAC,cAAc,CAAC,CAAC,CAAC,CAAC;YACjD,gDAAgD;YAChD,KAAK,IAAI,CAAC,GAAG,CAAC,EAAE,CAAC,GAAG,cAAc,CAAC,KAAK,CAAC,MAAM,EAAE,CAAC,IAAI,CAAC,EAAE,CAAC;gBACxD,aAAa,CAAC,IAAI,CAAC;oBACjB,gDAAgD;oBAChD,YAAY,EAAE,cAAc,CAAC,KAAK,CAAC,CAAC,CAAC,CAAC,YAAY;oBAClD,gDAAgD;oBAChD,UAAU,EAAE,cAAc,CAAC,KAAK,CAAC,CAAC,CAAC,CAAC,UAAU;iBAC/C,CAAC,CAAC;YACL,CAAC;YACD,OAAO,OAAO,CAAC,aAAa,CAAC,CAAC;QAChC,CAAC,CAAC,CAAC;IACP,CAAC,CAAC,CAAC;AACL,CAAC;AAED;;;;;;;;;GASG;AACH,SAAS,mBAAmB,CAC1B,WAAwB,EACxB,YAAoB;IAEpB,OAAO,IAAI,OAAO,CAAC,CAAC,OAAO,EAAE,MAAM,EAAE,EAAE;QACrC,MAAM,iBAAiB,GAKjB,EAAE,CAAC;QACT,WAAW;aACR,OAAO,CAAC,YAAY,EAAE,iBAAiB,CAAC;aACxC,KAAK,CAAC,MAAM,CAAC;aACb,IAAI,CAAC,CAAC,OAAO,EAAE,EAAE;YAChB,IAAI,CAAC,OAAO,EAAE,CAAC;gBACb,OAAO,MAAM,CAAC,IAAI,KAAK,CAAC,cAAc,CAAC,CAAC,CAAC;YAC3C,CAAC;YAED,sCAAsC;YACtC,OAAO,CAAC,GAAG,CAAC,OAAO,CAAC,CAAC;YACrB,IAAI,CAAC,OAAO,CAAC,cAAc,IAAI,CAAC,OAAO,CAAC,cAAc,CAAC,CAAC,CAAC,EAAE,CAAC;gBAC1D,OAAO,MAAM,CAAC,IAAI,KAAK,CAAC,sCAAsC,CAAC,CAAC,CAAC;YACnE,CAAC;YACD,MAAM,cAAc,GAAG,OAAO,CAAC,cAAc,CAAC,CAAC,CAAC,CAAC;YACjD,gDAAgD;YAChD,KAAK,IAAI,CAAC,GAAG,CAAC,EAAE,CAAC,GAAG,cAAc,CAAC,KAAK,CAAC,MAAM,EAAE,CAAC,IAAI,CAAC,EAAE,CAAC;gBACxD,iBAAiB,CAAC,IAAI,CAAC;oBACrB,gDAAgD;oBAChD,IAAI,EAAE,cAAc,CAAC,KAAK,CAAC,CAAC,CAAC,CAAC,IAAI;oBAClC,gDAAgD;oBAChD,UAAU,EAAE,cAAc,CAAC,KAAK,CAAC,CAAC,CAAC,CAAC,UAAU;oBAC9C,gDAAgD;oBAChD,MAAM,EAAE,cAAc,CAAC,KAAK,CAAC,CAAC,CAAC,CAAC,MAAM;oBACtC,gDAAgD;oBAChD,SAAS,EAAE,cAAc,CAAC,KAAK,CAAC,CAAC,CAAC,CAAC,SAAS;iBAC7C,CAAC,CAAC;YACL,CAAC;YACD,OAAO,OAAO,CAAC,iBAAiB,CAAC,CAAC;QACpC,CAAC,CAAC,CAAC;IACP,CAAC,CAAC,CAAC;AACL,CAAC;AAED;;;;;;;;;;GAUG;AACH,SAAS,gBAAgB,CACvB,WAAwB,EACxB,YAAoB;IAEpB,OAAO,IAAI,OAAO,CAAC,CAAC,OAAO,EAAE,MAAM,EAAE,EAAE;QACrC,MAAM,cAAc,GAKd,EAAE,CAAC;QACT,WAAW;aACR,OAAO,CAAC,YAAY,EAAE,cAAc,CAAC;aACrC,KAAK,CAAC,MAAM,CAAC;aACb,IAAI,CAAC,CAAC,OAAO,EAAE,EAAE;YAChB,IAAI,CAAC,OAAO,EAAE,CAAC;gBACb,OAAO,MAAM,CAAC,IAAI,KAAK,CAAC,cAAc,CAAC,CAAC,CAAC;YAC3C,CAAC;YAED,sCAAsC;YACtC,OAAO,CAAC,GAAG,CAAC,OAAO,CAAC,CAAC;YACrB,IAAI,CAAC,OAAO,CAAC,cAAc,IAAI,CAAC,OAAO,CAAC,cAAc,CAAC,CAAC,CAAC,EAAE,CAAC;gBAC1D,OAAO,MAAM,CAAC,IAAI,KAAK,CAAC,mCAAmC,CAAC,CAAC,CAAC;YAChE,CAAC;YACD,MAAM,cAAc,GAAG,OAAO,CAAC,cAAc,CAAC,CAAC,CAAC,CAAC;YACjD,gDAAgD;YAChD,KAAK,IAAI,CAAC,GAAG,CAAC,EAAE,CAAC,GAAG,cAAc,CAAC,KAAK,CAAC,MAAM,EAAE,CAAC,IAAI,CAAC,EAAE,CAAC;gBACxD,cAAc,CAAC,IAAI,CAAC;oBAClB,gDAAgD;oBAChD,SAAS,EAAE,cAAc,CAAC,KAAK,CAAC,CAAC,CAAC,CAAC,SAAS;oBAC5C,gDAAgD;oBAChD,YAAY,EAAE,cAAc,CAAC,KAAK,CAAC,CAAC,CAAC,CAAC,YAAY;oBAClD,gDAAgD;oBAChD,MAAM,EAAE,cAAc,CAAC,KAAK,CAAC,CAAC,CAAC,CAAC,MAAM;oBACtC,gDAAgD;oBAChD,SAAS,EAAE,cAAc,CAAC,KAAK,CAAC,CAAC,CAAC,CAAC,SAAS;iBAC7C,CAAC,CAAC;YACL,CAAC;YACD,OAAO,OAAO,CAAC,cAAc,CAAC,CAAC;QACjC,CAAC,CAAC,CAAC;IACP,CAAC,CAAC,CAAC;AACL,CAAC;AAED,SAAS,cAAc,CACrB,WAAwB,EACxB,YAAoB,EACpB,SAAiB;IAEjB,OAAO,IAAI,OAAO,CAAC,CAAC,OAAO,EAAE,MAAM,EAAE,EAAE;QACrC,WAAW;aACR,OAAO,CAAC,YAAY,EAAE,eAAe,SAAS,iBAAiB,CAAC;aAChE,KAAK,CAAC,MAAM,CAAC;aACb,IAAI,CAAC,CAAC,OAAO,EAAE,EAAE;YAChB,IAAI,CAAC,OAAO,EAAE,CAAC;gBACb,OAAO,MAAM,CAAC,IAAI,KAAK,CAAC,cAAc,CAAC,CAAC,CAAC;YAC3C,CAAC;YAED,sCAAsC;YACtC,OAAO,CAAC,GAAG,CAAC,OAAO,CAAC,CAAC;YACrB,IAAI,CAAC,OAAO,CAAC,cAAc,IAAI,CAAC,OAAO,CAAC,cAAc,CAAC,CAAC,CAAC,EAAE,CAAC;gBAC1D,OAAO,MAAM,CAAC,IAAI,KAAK,CAAC,mCAAmC,CAAC,CAAC,CAAC;YAChE,CAAC;YACD,MAAM,cAAc,GAAG,OAAO,CAAC,cAAc,CAAC,CAAC,CAAC,CAAC;YAEjD,gDAAgD;YAChD,MAAM,aAAa,GAAG;gBACpB,gDAAgD;gBAChD,SAAS,EAAE,cAAc,CAAC,KAAK,CAAC,CAAC,CAAC,CAAC,SAAS;gBAC5C,gDAAgD;gBAChD,MAAM,EAAE,cAAc,CAAC,KAAK,CAAC,CAAC,CAAC,CAAC,MAAM;gBACtC,gDAAgD;gBAChD,YAAY,EAAE,cAAc,CAAC,KAAK,CAAC,CAAC,CAAC,CAAC,YAAY;gBAClD,gDAAgD;gBAChD,MAAM,EAAE,cAAc,CAAC,KAAK,CAAC,CAAC,CAAC,CAAC,MAAM;gBACtC,gDAAgD;gBAChD,SAAS,EAAE,cAAc,CAAC,KAAK,CAAC,CAAC,CAAC,CAAC,SAAS;aAC7C,CAAC;YAEF,OAAO,OAAO,CAAC,aAAa,CAAC,CAAC;QAChC,CAAC,CAAC,CAAC;IACP,CAAC,CAAC,CAAC;AACL,CAAC;AAED,SAAS,eAAe,CACtB,QAAyB;IAEzB,MAAM,OAAO,GAAyC,EAAE,CAAC;IACzD,gDAAgD;IAChD,KAAK,MAAM,CAAC,IAAI,QAAQ,EAAE,CAAC;QACzB,OAAO,CAAC,IAAI,CACV,IAAI,KAAK,CAAC,QAAQ,CAAC,OAAO,CAAC,WAAW,CAAC,MAAM,CAAC,CAAC,CAAC,SAAS,EAAE,EAAE,CAAC,CAC/D,CAAC;IACJ,CAAC;IACD,OAAO,OAAO,CAAC;AACjB,CAAC;AAED,SAAS,kBAAkB,CACzB,QAA4B;AAC5B,kFAAkF;AAClF,6DAA6D;AAC7D,WAAuC;IAEvC,MAAM,OAAO,GAA4C,EAAE,CAAC;IAE5D,gDAAgD;IAChD,KAAK,MAAM,CAAC,IAAI,QAAQ,EAAE,CAAC;QACzB,mFAAmF;QACnF,MAAM,SAAS,GAAG,IAAI,KAAK,CAAC,QAAQ,CAAC,OAAO,CAAC,SAAS,CAAC,MAAM,CAC3D,KAAK,CAAC,QAAQ,CAAC,OAAO,CAAC,cAAc,CAAC,MAAM,EAC5C,aAAa,CAAC,CAAC,CAAC,UAAU,CAAC,CAC5B,CAAC;QACF,OAAO,CAAC,IAAI,CACV,IAAI,KAAK,CAAC,QAAQ,CAAC,OAAO,CAAC,cAAc,CAAC,MAAM,CAAC,CAAC,CAAC,IAAI,EAAE,CAAC,SAAS,CAAC,CAAC,CACtE,CAAC;IACJ,CAAC;IAED,OAAO,OAAO,CAAC;AACjB,CAAC;AAED,qDAAqD;AAErD,SAAsB,mBAAmB,CACvC,WAAwB,EACxB,mBAA2B;;QAE3B,8BAA8B;QAC9B,2FAA2F;QAC3F,iDAAiD;QACjD,4FAA4F;QAC5F,IAAI;QACJ,iDAAiD;QACjD,sFAAsF;QACtF,IAAI;QACJ,MAAM,aAAa,GAAG,MAAM,gBAAgB,CAC1C,WAAW,EACX,mBAAmB,CACpB,CAAC;QACF,MAAM,gBAAgB,GAAG,MAAM,mBAAmB,CAChD,WAAW,EACX,mBAAmB,CACpB,CAAC;QACF,MAAM,WAAW,GAAG,KAAK,CAAC,QAAQ,CAAC,WAAW,CAAC,OAAO,CAAC;QACvD,IAAI,CAAC,WAAW,EAAE,CAAC;YACjB,OAAO,IAAI,CAAC;QACd,CAAC;QACD,MAAM,OAAO,GAAG,EAAE,CAAC;QACnB,OAAO,CAAC,IAAI,CAAC,GAAG,eAAe,CAAC,aAAa,CAAC,CAAC,CAAC;QAChD,OAAO,CAAC,IAAI,CAAC,GAAG,kBAAkB,CAAC,gBAAgB,EAAE,WAAW,CAAC,CAAC,CAAC;QACnE,OAAO,WAAW,CAAC,YAAY;QACjC,mCAAmC;QAC/B,IAAI,KAAK,CAAC,QAAQ,CAAC,OAAO,CAAC,cAAc,CAAC,IAAI,CAC5C,mBAAmB,EACnB,OAAO,CACR,CACF,CAAC;IACJ,CAAC;CAAA;AAlCD,kDAkCC;AAED,SAAsB,iBAAiB,CACrC,WAAwB,EACxB,mBAA2B,EAC3B,SAAiB,EACjB,WAAuC;;QAEvC,MAAM,WAAW,GAAG,MAAM,cAAc,CACtC,WAAW,EACX,mBAAmB,EACnB,SAAS,CACV,CAAC;QACF,MAAM,OAAO,GAAG,eAAe,CAAC,WAAW,CAAC,CAAC;QAC7C,MAAM,QAAQ,GAAG,IAAI,KAAK,CAAC,QAAQ,CAAC,OAAO,CAAC,WAAW,CAAC,MAAM,CAC5D,SAAS,EACT,OAAO,CACR,CAAC;QACF,IAAI,CAAC,WAAW,CAAC,QAAQ,EAAE,CAAC;YAC1B,OAAO,IAAI,CAAC;QACd,CAAC;QACD,OAAO,WAAW,CAAC,YAAY,CAAC,WAAW,CAAC,QAAQ,CAAC,UAAU,CAAC,CAAC,QAAQ,CAAC,CAAC,CAAC,CAAC;IAC/E,CAAC;CAAA;AApBD,8CAoBC","sourcesContent":["import KustoClient from \"azure-kusto-data/types/src/client\";\n\ninterface DatabaseMetadata {\n  DatabaseName: string;\n  PrettyName: string;\n}\ninterface TableMetadata {\n  TableName: string;\n  DatabaseName: string;\n  Folder: string;\n  DocString: string;\n}\ninterface TableSchema {\n  TableName: string;\n  Schema: string;\n  DatabaseName: string;\n  Folder: string;\n  DocString: string;\n}\ninterface FunctionMetadata {\n  Name: string;\n  Parameters: string;\n  Folder: string;\n  DocString: string;\n}\ninterface ColumnInfo {\n  Name: string;\n  Type: string;\n  CslType: string;\n}\n\n// Helper functions - defined before export functions that use them\n\nfunction getTypeSymbol(\n  type: string,\n): Kusto.Language.Symbols.ScalarSymbol | null {\n  // Add null-safety check for type parameter\n  if (!type || typeof type !== \"string\") {\n    return null;\n  }\n\n  try {\n    return Kusto.Language.Symbols.ScalarSymbol.From(type);\n  } catch (e) {\n    // Gracefully handle errors when parsing type\n    // eslint-disable-next-line no-console\n    console.error(`Error parsing type symbol: ${type}`, e);\n    return null;\n  }\n}\n\nfunction getSingleParameter(\n  parameter: string,\n): Kusto.Language.Symbols.Parameter {\n  // Expected Form\n  // \"param1 : param1type\"\n\n  const paramSplit = parameter.split(/[: ]+/).filter((s) => s !== \"\");\n\n  // Add null-safety checks\n  if (!paramSplit || paramSplit.length < 2) {\n    // Fallback: create a parameter with unknown type if parsing fails\n    const paramName =\n      paramSplit && paramSplit.length > 0 ? paramSplit[0] : \"unknown\";\n    return new Kusto.Language.Symbols.Parameter.$ctor2(paramName, null);\n  }\n\n  return new Kusto.Language.Symbols.Parameter.$ctor2(\n    paramSplit[0],\n    getTypeSymbol(paramSplit[1]),\n  );\n}\n\nfunction getParameters(parameters: string): Kusto.Language.Symbols.Parameter[] {\n  // Expected Form\n  // \"([param1:param1type][, param2:param2type]...)\"\n  const params: string[] = parameters\n    .substring(1, parameters.length - 1)\n    .split(\",\")\n    .filter((s) => s !== \"\");\n  const kParams: Kusto.Language.Symbols.Parameter[] = [];\n  params.forEach((param) => kParams.push(getSingleParameter(param)));\n  return kParams;\n}\n\nfunction getTableColumns(\n  tableSchemas: TableSchema,\n): Kusto.Language.Symbols.ColumnSymbol[] {\n  const columns: Kusto.Language.Symbols.ColumnSymbol[] = [];\n  // eslint-disable-next-line @typescript-eslint/no-explicit-any\n  const schema: any = JSON.parse(tableSchemas.Schema);\n\n  const orderedColumns: ColumnInfo[] = schema.OrderedColumns;\n\n  orderedColumns.forEach((column) => {\n    // Add null-safety check for column and type symbol\n    if (column && column.Name) {\n      const typeSymbol = getTypeSymbol(column.CslType);\n      // Only add column if we can determine its type\n      if (typeSymbol) {\n        columns.push(\n          new Kusto.Language.Symbols.ColumnSymbol(\n            column.Name,\n            typeSymbol,\n            null,\n            null,\n            null,\n            null,\n          ),\n        );\n      }\n    }\n  });\n\n  return columns;\n}\n\n/**\n * @param kustoClient a Kusto client from azure-kusto-data\n * @param defaultDatabaseName to run `.show xyz` queries on\n */\n// TODO: use this function\n// eslint-disable-next-line @typescript-eslint/no-unused-vars\nfunction getDatabasesOnCluster(\n  kustoClient: KustoClient,\n  defaultDatabaseName: string,\n): Promise<DatabaseMetadata[]> {\n  return new Promise((resolve, reject) => {\n    const databaseNames: { DatabaseName: string; PrettyName: string }[] = [];\n    kustoClient\n      .execute(defaultDatabaseName, \".show cluster databases\")\n      .catch(reject)\n      .then((results) => {\n        if (!results) {\n          return reject(new Error(\"void results\"));\n        }\n\n        // eslint-disable-next-line no-console\n        console.log(results);\n        if (!results.primaryResults || !results.primaryResults[0]) {\n          return reject(new Error(\"Failed to fetch databases in cluster\"));\n        }\n        const primaryResults = results.primaryResults[0];\n        // eslint-disable-next-line no-underscore-dangle\n        for (let i = 0; i < primaryResults._rows.length; i += 1) {\n          databaseNames.push({\n            // eslint-disable-next-line no-underscore-dangle\n            DatabaseName: primaryResults._rows[i].DatabaseName,\n            // eslint-disable-next-line no-underscore-dangle\n            PrettyName: primaryResults._rows[i].PrettyName,\n          });\n        }\n        return resolve(databaseNames);\n      });\n  });\n}\n\n/**\n * https://kusto.azurewebsites.net/docs/management/functions.html#show-functions\n * NameStringThe name of the function.\n * ParametersStringThe parameters that are required by the function.\n * BodyString(Zero or more) Let statements followed by a valid CSL expression that is evaluated upon function invocation.\n * FolderStringA folder that is used for UI functions categorization. This parameter does not change the way function is invoked\n * DocStringStringA description of the function - to be shown for UI purposes.\n * @param kustoClient\n * @param defaultDatabaseName\n */\nfunction getFunctionMetadata(\n  kustoClient: KustoClient,\n  databaseName: string,\n): Promise<FunctionMetadata[]> {\n  return new Promise((resolve, reject) => {\n    const functionMetadatas: {\n      Name: string;\n      Parameters: string;\n      Folder: string;\n      DocString: string;\n    }[] = [];\n    kustoClient\n      .execute(databaseName, \".show functions\")\n      .catch(reject)\n      .then((results) => {\n        if (!results) {\n          return reject(new Error(\"void results\"));\n        }\n\n        // eslint-disable-next-line no-console\n        console.log(results);\n        if (!results.primaryResults || !results.primaryResults[0]) {\n          return reject(new Error(\"Failed to fetch functions in cluster\"));\n        }\n        const primaryResults = results.primaryResults[0];\n        // eslint-disable-next-line no-underscore-dangle\n        for (let i = 0; i < primaryResults._rows.length; i += 1) {\n          functionMetadatas.push({\n            // eslint-disable-next-line no-underscore-dangle\n            Name: primaryResults._rows[i].Name,\n            // eslint-disable-next-line no-underscore-dangle\n            Parameters: primaryResults._rows[i].Parameters,\n            // eslint-disable-next-line no-underscore-dangle\n            Folder: primaryResults._rows[i].Folder,\n            // eslint-disable-next-line no-underscore-dangle\n            DocString: primaryResults._rows[i].DocString,\n          });\n        }\n        return resolve(functionMetadatas);\n      });\n  });\n}\n\n/**\n * https://kusto.azurewebsites.net/docs/management/tables.html#show-tables\n * TableNameStringThe name of the table.\n * DatabaseNameStringThe database that the table belongs to.\n * FolderStringThe table's folder.\n * DocStringStringA string documenting the table.\n *\n * TODO for each, get schema: .show table schema https://kusto.azurewebsites.net/docs/management/tables.html#show-tables\n * @param kustoClient\n * @param databaseName\n */\nfunction getTableMetadata(\n  kustoClient: KustoClient,\n  databaseName: string,\n): Promise<TableMetadata[]> {\n  return new Promise((resolve, reject) => {\n    const tableMetadatas: {\n      TableName: string;\n      DatabaseName: string;\n      Folder: string;\n      DocString: string;\n    }[] = [];\n    kustoClient\n      .execute(databaseName, \".show tables\")\n      .catch(reject)\n      .then((results) => {\n        if (!results) {\n          return reject(new Error(\"void results\"));\n        }\n\n        // eslint-disable-next-line no-console\n        console.log(results);\n        if (!results.primaryResults || !results.primaryResults[0]) {\n          return reject(new Error(\"Failed to fetch tables in cluster\"));\n        }\n        const primaryResults = results.primaryResults[0];\n        // eslint-disable-next-line no-underscore-dangle\n        for (let i = 0; i < primaryResults._rows.length; i += 1) {\n          tableMetadatas.push({\n            // eslint-disable-next-line no-underscore-dangle\n            TableName: primaryResults._rows[i].TableName,\n            // eslint-disable-next-line no-underscore-dangle\n            DatabaseName: primaryResults._rows[i].DatabaseName,\n            // eslint-disable-next-line no-underscore-dangle\n            Folder: primaryResults._rows[i].Folder,\n            // eslint-disable-next-line no-underscore-dangle\n            DocString: primaryResults._rows[i].DocString,\n          });\n        }\n        return resolve(tableMetadatas);\n      });\n  });\n}\n\nfunction getTableSchema(\n  kustoClient: KustoClient,\n  databaseName: string,\n  tableName: string,\n): Promise<TableSchema> {\n  return new Promise((resolve, reject) => {\n    kustoClient\n      .execute(databaseName, `.show table ${tableName} schema as json`)\n      .catch(reject)\n      .then((results) => {\n        if (!results) {\n          return reject(new Error(\"void results\"));\n        }\n\n        // eslint-disable-next-line no-console\n        console.log(results);\n        if (!results.primaryResults || !results.primaryResults[0]) {\n          return reject(new Error(\"Failed to fetch tables in cluster\"));\n        }\n        const primaryResults = results.primaryResults[0];\n\n        // eslint-disable-next-line no-underscore-dangle\n        const tableMetadata = {\n          // eslint-disable-next-line no-underscore-dangle\n          TableName: primaryResults._rows[0].TableName,\n          // eslint-disable-next-line no-underscore-dangle\n          Schema: primaryResults._rows[0].Schema,\n          // eslint-disable-next-line no-underscore-dangle\n          DatabaseName: primaryResults._rows[0].DatabaseName,\n          // eslint-disable-next-line no-underscore-dangle\n          Folder: primaryResults._rows[0].Folder,\n          // eslint-disable-next-line no-underscore-dangle\n          DocString: primaryResults._rows[0].DocString,\n        };\n\n        return resolve(tableMetadata);\n      });\n  });\n}\n\nfunction getTableSymbols(\n  metadata: TableMetadata[],\n): Kusto.Language.Symbols.TableSymbol[] {\n  const symbols: Kusto.Language.Symbols.TableSymbol[] = [];\n  // eslint-disable-next-line no-restricted-syntax\n  for (const m of metadata) {\n    symbols.push(\n      new Kusto.Language.Symbols.TableSymbol.$ctor4(m.TableName, []),\n    );\n  }\n  return symbols;\n}\n\nfunction getFunctionSymbols(\n  metadata: FunctionMetadata[],\n  // TODO: use globalState to get return type, signature types, etc of the functions\n  // eslint-disable-next-line @typescript-eslint/no-unused-vars\n  globalState: Kusto.Language.GlobalState,\n): Array<Kusto.Language.Symbols.FunctionSymbol> {\n  const symbols: Kusto.Language.Symbols.FunctionSymbol[] = [];\n\n  // eslint-disable-next-line no-restricted-syntax\n  for (const m of metadata) {\n    // TODO return type, signature types etc. Will require additional calls to cluster.\n    const signature = new Kusto.Language.Symbols.Signature.$ctor2(\n      Kusto.Language.Symbols.ReturnTypeKind.Common,\n      getParameters(m.Parameters),\n    );\n    symbols.push(\n      new Kusto.Language.Symbols.FunctionSymbol.$ctor4(m.Name, [signature]),\n    );\n  }\n\n  return symbols;\n}\n\n// Exported functions - these depend on helpers above\n\nexport async function getSymbolsOnCluster(\n  kustoClient: KustoClient,\n  defaultDatabaseName: string,\n): Promise<Kusto.Language.GlobalState | null> {\n  // TODO use this functionality\n  // const databasesMetadata = await getDatabasesOnCluster(kustoClient, defaultDatabaseName);\n  // for (let databaseNames of databasesMetadata) {\n  // const functionMetadatas = await getFunctionsOnDatabase(kustoClient, defaultDatabaseName);\n  // }\n  // for (let databaseNames of databasesMetadata) {\n  // const tableMetadatas = await getTablesOnDatabase(kustoClient, defaultDatabaseName);\n  // }\n  const tableMetadata = await getTableMetadata(\n    kustoClient,\n    defaultDatabaseName,\n  );\n  const functionMetadata = await getFunctionMetadata(\n    kustoClient,\n    defaultDatabaseName,\n  );\n  const globalState = Kusto.Language.GlobalState.Default;\n  if (!globalState) {\n    return null;\n  }\n  const symbols = [];\n  symbols.push(...getTableSymbols(tableMetadata));\n  symbols.push(...getFunctionSymbols(functionMetadata, globalState));\n  return globalState.WithDatabase(\n// eslint-disable-next-line new-cap\n    new Kusto.Language.Symbols.DatabaseSymbol.ctor(\n      defaultDatabaseName,\n      symbols,\n    ),\n  );\n}\n\nexport async function getSymbolsOnTable(\n  kustoClient: KustoClient,\n  defaultDatabaseName: string,\n  tableName: string,\n  globalState: Kusto.Language.GlobalState,\n): Promise<Kusto.Language.GlobalState | null> {\n  const tableSchema = await getTableSchema(\n    kustoClient,\n    defaultDatabaseName,\n    tableName,\n  );\n  const columns = getTableColumns(tableSchema);\n  const newTable = new Kusto.Language.Symbols.TableSymbol.$ctor4(\n    tableName,\n    columns,\n  );\n  if (!globalState.Database) {\n    return null;\n  }\n  return globalState.WithDatabase(globalState.Database.AddMembers([newTable]));\n}\n"]},"all":true},"/Users/rossanderson/Documents/life-management/initiatives/kuskus/repo/kusto-language-server/server/src/server.ts":{"path":"/Users/rossanderson/Documents/life-management/initiatives/kuskus/repo/kusto-language-server/server/src/server.ts","statementMap":{"0":{"start":{"line":2,"column":16},"end":{"line":10,"column":1}},"1":{"start":{"line":3,"column":28},"end":{"line":3,"column":110}},"2":{"start":{"line":3,"column":91},"end":{"line":3,"column":106}},"3":{"start":{"line":4,"column":4},"end":{"line":9,"column":7}},"4":{"start":{"line":5,"column":36},"end":{"line":5,"column":97}},"5":{"start":{"line":5,"column":42},"end":{"line":5,"column":70}},"6":{"start":{"line":5,"column":85},"end":{"line":5,"column":95}},"7":{"start":{"line":6,"column":35},"end":{"line":6,"column":100}},"8":{"start":{"line":6,"column":41},"end":{"line":6,"column":73}},"9":{"start":{"line":6,"column":88},"end":{"line":6,"column":98}},"10":{"start":{"line":7,"column":32},"end":{"line":7,"column":116}},"11":{"start":{"line":8,"column":8},"end":{"line":8,"column":78}},"12":{"start":{"line":11,"column":0},"end":{"line":11,"column":62}},"13":{"start":{"line":12,"column":0},"end":{"line":12,"column":47}},"14":{"start":{"line":13,"column":0},"end":{"line":13,"column":62}},"15":{"start":{"line":14,"column":15},"end":{"line":14,"column":52}},"16":{"start":{"line":15,"column":45},"end":{"line":15,"column":
[...]
,EAAE,CAAC;YACjC,UAAU,CAAC,eAAe,CAAC,EAAE,GAAG,EAAE,YAAY,CAAC,GAAG,EAAE,WAAW,EAAE,EAAE,EAAE,CAAC,CAAC;YACvE,OAAO;QACT,CAAC;QAED,MAAM,eAAe,GAAG,uCAAuC,CAAC,YAAY,CAAC,CAAC;QAC9E,IAAI,CAAC,eAAe,EAAE,CAAC;YACrB,OAAO;QACT,CAAC;QAED,MAAM,mBAAmB,GAAiB,EAAE,CAAC;QAE7C,MAAM,MAAM,GAAG,eAAe,CAAC,MAAM,CAAC;QACtC,IAAI,CAAC,MAAM,EAAE,CAAC;YACZ,OAAO;QACT,CAAC;QACD,KAAK,IAAI,CAAC,GAAG,CAAC,EAAE,CAAC,GAAG,MAAM,CAAC,KAAK,EAAE,CAAC,IAAI,CAAC,EAAE,CAAC;YACzC,MAAM,KAAK,GAAG,MAAM,CAAC,OAAO,CAAC,CAAC,CAAC,CAAC;YAChC,IAAI,CAAC,KAAK,CAAC,OAAO,EAAE,CAAC;gBACnB,uCAAuC;gBACvC,SAAS;YACX,CAAC;YACD,MAAM,WAAW,GAAG,KAAK,CAAC,OAAO,CAAC,cAAc,EAAE,CAAC;YACnD,IAAI,CAAC,WAAW,EAAE,CAAC;gBACjB,uCAAuC;gBACvC,SAAS;YACX,CAAC;YACD,KAAK,IAAI,CAAC,GAAG,CAAC,EAAE,CAAC,GAAG,WAAW,CAAC,KAAK,EAAE,CAAC,IAAI,CAAC,EAAE,CAAC;gBAC9C,MAAM,UAAU,GAAG,WAAW,CAAC,OAAO,CAAC,CAAC,CAAC,CAAC;gBAC1C,mBAAmB,CAAC,IAAI,CAAC;oBACvB,QAAQ,EAAE,yBAAkB,CAAC,KAAK;oBAClC,KAAK,EAAE;wBACL,KAAK,EAAE,YAAY,CAAC,UAAU,CAAC,UAAU,CAAC,KAAK,CAAC;wBAChD,GAAG,EAAE,YAAY,CAAC,UAAU,CAAC,UAAU,CAAC,GAAG,CAAC;qBAC7C;oBACD,OAAO,EAAE,UAAU,CAAC,OAAO,IAAI,eAAe;iBAC/C,CAAC,CAAC;YACL,CAAC;QACH,CAAC;QAED,2CAA2C;QAC3C,UAAU,CAAC,eAAe,CAAC;YACzB,GAAG,EAAE,YAAY,CAAC,GAAG;YACrB,WAAW,EAAE,mBAAmB;SACjC,CAAC,CAAC;IACL,CAAC;CAAA;AAED,UAAU,CAAC,wBAAwB,CAAC,CAAC,MAAM,EAAE,EAAE;IAC7C,IAAI,0BAA0B,EAAE,CAAC;QAC/B,qCAAqC;QACrC,gBAAgB,CAAC,KAAK,EAAE,CAAC;IAC3B,CAAC;SAAM,CAAC;QACN,cAAc,GAAa,CACzB,CAAC,MAAM,CAAC,QAAQ,CAAC,qBAAqB,IAAI,eAAe,CAAC,CAC3D,CAAC;IACJ,CAAC;IAED,qCAAqC;IACrC,SAAS,CAAC,GAAG,EAAE,CAAC,OAAO,CAAC,oBAAoB,CAAC,CAAC;AAChD,CAAC,CAAC,CAAC;AAEH,wCAAwC;AACxC,SAAS,CAAC,UAAU,CAAC,CAAC,CAAC,EAAE,EAAE;IACzB,gBAAgB,CAAC,MAAM,CAAC,CAAC,CAAC,QAAQ,CAAC,GAAG,CAAC,CAAC;AAC1C,CAAC,CAAC,CAAC;AAEH,oEAAoE;AACpE,uEAAuE;AACvE,SAAS,CAAC,kBAAkB,CAAC,CAAC,MAAM,EAAE,EAAE;IACtC,IAAI,CAAC,gBAAgB,CAAC,GAAG,CAAC,MAAM,CAAC,QAAQ,CAAC,GAAG,CAAC,EAAE,CAAC;QAC/C,gBAAgB,CAAC,GAAG,CAClB,MAAM,CAAC,QAAQ,CAAC,GAAG,EACnB,uCAAuC,CAAC,MAAM,CAAC,QAAQ,CAAC,CACzD,CAAC;IACJ,CAAC;SAAM,CAAC;QACN,MAAM,YAAY,GAAG,uCAAuC,CAC1D,MAAM,CAAC,QAAQ,CAChB,CAAC;QACF,IAAI,YAAY,EAAE,CAAC;YACjB,gBAAgB,CAAC,GAAG,CAClB,MAAM,CAAC,QAAQ,CAAC,GAAG,EACnB,YAAY,CAAC,QAAQ,CAAC,MAAM,CAAC,QAAQ,CAAC,OAAO,EAAE,CAAC,CACjD,CAAC;QACJ,CAAC;IACH,CAAC;IACD,oBAAoB,CAAC,MAAM,CAAC,QAAQ,CAAC,CAAC;AACxC,CAAC,CAAC,CAAC;AAEH,UAAU,CAAC,uBAAuB,CAAC,CAAC,OAAO,EAAE,EAAE;IAC7C,wCAAwC;IACxC,UAAU,CAAC,OAAO,CAAC,GAAG,CACpB,oCAAoC,OAAO,CAAC,OAAO,CAAC,MAAM,eAAe,CAC1E,CAAC;AACJ,CAAC,CAAC,CAAC;AAEH,kEAAkE;AAClE,UAAU,CAAC,YAAY,CACrB,CAAC,qBAAiD,EAAoB,EAAE;IACtE,mEAAmE;IACnE,oEAAoE;IACpE,qDAAqD;IAErD,MAAM,eAAe,GAAG,gBAAgB,CAAC,GAAG,CAC1C,qBAAqB,CAAC,YAAY,CAAC,GAAG,CACvC,CAAC;IACF,IAAI,CAAC,eAAe,EAAE,CAAC;QACrB,OAAO,EAAE,CAAC;IACZ,CAAC;IAED,IAAI,CAAC;QACH,MAAM,eAAe,GAAG,IAAA,oDAAkC,EACxD,eAAe,EACf,qBAAqB,CAAC,QAAQ,CAAC,IAAI,GAAG,CAAC,EACvC,qBAAqB,CAAC,QAAQ,CAAC,SAAS,GAAG,CAAC,CAC7C,CAAC;QACF,OAAO,eAAe,IAAI,EAAE,CAAC;IAC/B,CAAC;IAAC,OAAO,CAAC,EAAE,CAAC;QACX,IAAI,CAAC,YAAY,KAAK,EAAE,CAAC;YACvB,UAAU,CAAC,OAAO,CAAC,KAAK,CACtB,mCAAmC,CAAC,CAAC,OAAO,EAAE,CAC/C,CAAC;QACJ,CAAC;aAAM,IAAI,OAAO,CAAC,KAAK,QAAQ,EAAE,CAAC;YACjC,UAAU,CAAC,OAAO,CAAC,KAAK,CAAC,mCAAmC,CAAC,EAAE,CAAC,CAAC;QACnE,CAAC;QACD,OAAO,EAAE,CAAC;IACZ,CAAC;AACH,CAAC,CACF,CAAC;AAEF,wEAAwE;AACxE,uBAAuB;AACvB,UAAU,CAAC,mBAAmB,CAAC,CAAC,IAAoB,EAAkB,EAAE,CAAC,IAAI,CAAC,CAAC;AAE/E,UAAU,CAAC,OAAO,CAAC,CAAC,MAAkC,EAAgB,EAAE;IACtE,MAAM,eAAe,GAAG,gBAAgB,CAAC,GAAG,CAAC,MAAM,CAAC,YAAY,CAAC,GAAG,CAAC,CAAC;IACtE,IAAI,CAAC,eAAe,EAAE,CAAC;QACrB,OAAO,IAAI,CAAC;IACd,CAAC;IAED,MAAM,QAAQ,GAAG,EAAE,CAAC,EAAE,CAAC,CAAC,EAAE,CAAC;IAC3B,MAAM,aAAa,GAAG,eAAe,CAAC,kBAAkB,CACtD,MAAM,CAAC,QAAQ,CAAC,IAAI,GAAG,CAAC,EACxB,MAAM,CAAC,QAAQ,CAAC,SAAS,GAAG,CAAC,EAC7B,QAAQ,CACT,CAAC;IACF,IAAI,CAAC,aAAa,EAAE,CAAC;QACnB,OAAO,IAAI,CAAC;IACd,CAAC;IAED,MAAM,cAAc,GAAG,eAAe,CAAC,kBAAkB,CAAC,QAAQ,CAAC,CAAC,CAAC,CAAC;IACtE,IAAI,CAAC,cAAc,IAAI,CAAC,cAAc,CAAC,OAAO,EAAE,CAAC;QAC/C,OAAO,IAAI,CAAC;IACd,CAAC;IAED,IAAI,CAAC;QACH,MAAM,SAAS,GAAG,cAAc,CAAC,OAAO,CAAC,YAAY,CAAC,QAAQ,CAAC,CAAC,CAAC,CAAC;QAElE,IAAI,CAAC,SAAS,IAAI,CAAC,SAAS,CAAC,IAAI,EAAE,CAAC;YAClC,OAAO,IAAI,CAAC;QACd,CAAC;QAED,+DAA+D;QAC/D,MAAM,SAAS,GAAG,SAAS,CAAC,IAAI,CAAC,CAAC,CAAC,MAAM,CAAC,SAAS,CAAC,IAAI,CAAC,CAAC,CAAC,CAAC,IAAI,CAAC;QACjE,IAAI,CAAC,SAAS,EAAE,CAAC;YACf,OAAO,IAAI,CAAC;QACd,CAAC;QAED,OAAO,EAAE,QAAQ,EAAE,SAAS,EAAE,CAAC;IACjC,CAAC;IAAC,OAAO,CAAC,EAAE,CAAC;QACX,iGAAiG;QACjG,UAAU,CAAC,OAAO,CAAC,KAAK,CACtB,oCACE,CAAC,YAAY,KAAK,CAAC,CAAC,CAAC,CAAC,CAAC,OAAO,CAAC,CAAC,CAAC,MAAM,CAAC,CAAC,CAC3C,EAAE,CACH,CAAC;QACF,OAAO,IAAI,CAAC;IACd,CAAC;AACH,CAAC,CAAC,CAAC;AAEH,UAAU,CAAC,oBAAoB,CAC7B,CAAC,MAAgC,EAAqB,EAAE;IACtD,MAAM,eAAe,GAAG,gBAAgB,CAAC,GAAG,CAAC,MAAM,CAAC,YAAY,CAAC,GAAG,CAAC,CAAC;IACtE,IAAI,CAAC,eAAe,EAAE,CAAC;QACrB,OAAO,IAAI,CAAC;IACd,CAAC;IAED,MAAM,SAAS,GAAG,IAAA,8BAAgB,EAAC,eAAe,CAAC,CAAC;IACpD,IAAI,CAAC,SAAS,EAAE,CAAC;QACf,OAAO,IAAI,CAAC;IACd,CAAC;IAED,MAAM,OAAO,GAAe;QAC1B,eAAQ,CAAC,OAAO,CACd;YACE,KAAK,EAAE,EAAE,IAAI,EAAE,CAAC,EAAE,SAAS,EAAE,CAAC,EAAE;YAChC,GAAG,EAAE,EAAE,IAAI,EAAE,MAAM,CAAC,SAAS,EAAE,SAAS,EAAE,MAAM,CAAC,SAAS,EAAE;SAC7D,EACD,SAAS,CACV;KACF,CAAC;IACF,OAAO,OAAO,CAAC;AACjB,CAAC,CACF,CAAC;AAEF;;;;;;;;;;;;;;;;;;EAkBE;AAEF,0DAA0D;AAC1D,kDAAkD;AAClD,SAAS,CAAC,MAAM,CAAC,UAAU,CAAC,CAAC;AAE7B,2BAA2B;AAC3B,UAAU,CAAC,MAAM,EAAE,CAAC","sourcesContent":["import \"@kusto/language-service-next/bridge\";\nimport \"@kusto/language-service-next/Kusto.Language.Bridge\";\n\nimport {\n  createConnection,\n  TextDocuments,\n  Diagnostic,\n  DiagnosticSeverity,\n  ProposedFeatures,\n  InitializeParams,\n  DidChangeConfigurationNotification,\n  CompletionItem,\n  TextDocumentPositionParams,\n  Hover,\n  TextEdit,\n  DocumentFormattingParams,\n  TextDocumentSyncKind,\n} from \"vscode-languageserver/node\";\nimport { TextDocument } from \"vscode-languageserver-textdocument\";\n\nimport {\n  getClient as getKustoClient,\n  TokenResponse,\n  getFirstOrDefaultClient,\n} from \"./kustoConnection\";\nimport { getSymbolsOnCluster, getSymbolsOnTable } from \"./kustoSymbols\";\nimport { formatCodeScript } from \"./kustoFormat\";\nimport { getVSCodeCompletionItemsAtPosition } from \"./kustoCompletion\";\n\n// Create a connection for the server. The connection uses Node's IPC as a transport.\n// Also include all preview / proposed LSP features.\nconst connection = createConnection(ProposedFeatures.all);\n\n// Create a simple text document manager. The text document manager\n// supports full document sync only\nconst documents = new TextDocuments(TextDocument);\n\n// Create a collection of Kusto code services, one for each document\ntype documentURI = string;\nlet kustoGlobalState = Kusto.Language.GlobalState.Default;\nconst kustoCodeScripts: Map<\n  documentURI,\n  Kusto.Language.Editor.CodeScript | null\n> = new Map();\n\nlet hasConfigurationCapability: boolean = false;\nlet hasWorkspaceFolderCapability: boolean = false;\nlet hasDiagnosticRelatedInformationCapability: boolean = false;\n\nconnection.onInitialize((params: InitializeParams) => {\n  const {capabilities} = params;\n\n  // Does the client support the `workspace/configuration` request?\n  // If not, we will fall back using global settings\n  hasConfigurationCapability = !!(\n    capabilities.workspace && !!capabilities.workspace.configuration\n  );\n\n  hasWorkspaceFolderCapability = !!(\n    capabilities.workspace && !!capabilities.workspace.workspaceFolders\n  );\n  hasDiagnosticRelatedInformationCapability = !!(\n    capabilities.textDocument &&\n    capabilities.textDocument.publishDiagnostics &&\n    capabilities.textDocument.publishDiagnostics.relatedInformation\n  );\n\n  return {\n    capabilities: {\n      textDocumentSync: TextDocumentSyncKind.Full,\n      completionProvider: {\n        resolveProvider: true,\n      },\n      hoverProvider: true,\n      documentFormattingProvider: true,\n    },\n  };\n});\n\nconnection.onInitialized(async () => {\n  if (hasConfigurationCapability) {\n    // Register for all configuration changes.\n    connection.client.register(\n      DidChangeConfigurationNotification.type,\n      undefined,\n    );\n  }\n  if (hasWorkspaceFolderCapability) {\n    connection.workspace.onDidChangeWorkspaceFolders((_event) => {\n      connection.console.log(\n        `Workspace folder change event received. ${_event.added.length} added, ${_event.removed.length} removed`,\n      );\n    });\n  }\n  if (hasDiagnosticRelatedInformationCapability) {\n    // TODO: support diagnostics\n  }\n});\n\nconnection.onRequest(\n  \"kuskus.loadSymbols\",\n  async ({\n    clusterUri,\n    tenantId,\n    database,\n  }: {\n    clusterUri: string;\n    tenantId: string | undefined;\n    database: string;\n  }) => {\n    const kustoClient = getKustoClient(\n      clusterUri,\n      tenantId,\n      (tokenResponse: TokenResponse) => {\n        connection.sendRequest(\"kuskus.loadSymbols.auth\", {\n          clusterUri,\n          tenantId,\n          database,\n          verificationUrl: tokenResponse.verificationUrl,\n          verificationCode: tokenResponse.userCode,\n        });\n      },\n    );\n\n    try {\n      kustoGlobalState = await getSymbolsOnCluster(kustoClient, database);\n      connection.sendNotification(\"kuskus.loadSymbols.auth.complete.success\", {\n        clusterUri,\n        tenantId,\n        database,\n      });\n      connection.sendNotification(\"kuskus.loadSymbols.success\", {\n        clusterUri,\n        database,\n      });\n      kustoCodeScripts.forEach((value, key) => {\n        if (value) {\n          kustoCodeScripts.set(key, value.WithGlobals(kustoGlobalState));\n        }\n      });\n    } catch (e) {\n      let errorMessage = \"unknown\";\n      if (e instanceof Error) {\n        errorMessage = e.message;\n      } else if (typeof e === \"string\") {\n        errorMessage = e;\n      }\n      connection.sendNotification(\"kuskus.loadSymbols.auth.complete.error\", {\n        clusterUri,\n        tenantId,\n        database,\n        errorMessage,\n      });\n    }\n  },\n);\n\nconnection.onRequest(\"kuskus.loadTable\", async (tableName: string) => {\n  let clusterUri: string = \"\";\n  let kustoClient = null;\n  ({ clusterUri, kustoClient } = getFirstOrDefaultClient());\n\n  if (!kustoGlobalState || !kustoGlobalState.Database) {\n    connection.sendNotification(\"kuskus.loadSymbols.auth.complete.error\", {\n      clusterUri,\n      database: \"\",\n      errorMessage: \"No database\",\n    });\n    return;\n  }\n\n  const database = kustoGlobalState.Database.Name;\n\n  if (!database) {\n    connection.sendNotification(\"kuskus.loadSymbols.auth.complete.error\", {\n      clusterUri,\n      database,\n      errorMessage: \"No database name\",\n    });\n    return;\n  }\n\n  try {\n    kustoGlobalState = await getSymbolsOnTable(\n      kustoClient,\n      database,\n      tableName,\n      kustoGlobalState,\n    );\n    connection.sendNotification(\"kuskus.loadSymbols.auth.complete.success\", {\n      clusterUri,\n      database,\n    });\n    connection.sendNotification(\"kuskus.loadSymbols.success\", {\n      clusterUri,\n      database,\n    });\n    kustoCodeScripts.forEach((value, key) => {\n      if (value) {\n        kustoCodeScripts.set(key, value.WithGlobals(kustoGlobalState));\n      }\n    });\n  } catch (e) {\n    let errorMessage = \"unknown\";\n    if (e instanceof Error) {\n      errorMessage = e.message;\n    } else if (typeof e === \"string\") {\n      errorMessage = e;\n    }\n    connection.sendNotification(\"kuskus.loadSymbols.auth.complete.error\", {\n      clusterUri,\n      database,\n      errorMessage,\n    });\n  }\n});\n\n// The example settings\ninterface Settings {\n  diagnosticsEnabled: boolean;\n}\n\n// The global settings, used when the `workspace/configuration` request is not supported by the client.\n// Please note that this is not the case when using this server with the client provided in this example\n// but could happen with other clients.\nconst defaultSettings: Settings = {\n  diagnosticsEnabled: false,\n};\nlet globalSettings: Settings = defaultSettings;\n\n// Cache the settings of all open documents\nconst documentSettings: Map<string, Thenable<Settings>> = new Map();\n\nfunction getCodeScriptForDocumentOrNewCodeScript(\n  document: TextDocument,\n): Kusto.Language.Editor.CodeScript | null {\n  return (\n    kustoCodeScripts.get(document.uri) ||\n    Kusto.Language.Editor.CodeScript.From$1(\n      document.getText(),\n      kustoGlobalState,\n    )\n  );\n}\n\nfunction getDocumentSettings(resource: string): Thenable<Settings> {\n  if (!hasConfigurationCapability) {\n    return Promise.resolve(globalSettings);\n  }\n  let result = documentSettings.get(resource);\n  if (!result) {\n    result = connection.workspace.getConfiguration({\n      scopeUri: resource,\n      section: \"kuskusLanguageServer\",\n    });\n    documentSettings.set(resource, result);\n  }\n  return result;\n}\n\nasync function validateTextDocument(textDocument: TextDocument): Promise<void> {\n  const settings = await getDocumentSettings(textDocument.uri);\n  if (!settings.diagnosticsEnabled) {\n    connection.sendDiagnostics({ uri: textDocument.uri, diagnostics: [] });\n    return;\n  }\n\n  const kustoCodeScript = getCodeScriptForDocumentOrNewCodeScript(textDocument);\n  if (!kustoCodeScript) {\n    return;\n  }\n\n  const documentDiagnostics: Diagnostic[] = [];\n\n  const blocks = kustoCodeScript.Blocks;\n  if (!blocks) {\n    return;\n  }\n  for (let i = 0; i < blocks.Count; i += 1) {\n    const block = blocks.getItem(i);\n    if (!block.Service) {\n      // eslint-disable-next-line no-continue\n      continue;\n    }\n    const diagnostics = block.Service.GetDiagnostics();\n    if (!diagnostics) {\n      // eslint-disable-next-line no-continue\n      continue;\n    }\n    for (let j = 0; j < diagnostics.Count; j += 1) {\n      const diagnostic = diagnostics.getItem(j);\n      documentDiagnostics.push({\n        severity: DiagnosticSeverity.Error,\n        range: {\n          start: textDocument.positionAt(diagnostic.Start),\n          end: textDocument.positionAt(diagnostic.End),\n        },\n        message: diagnostic.Message || \"unknown error\",\n      });\n    }\n  }\n\n  // Send the computed diagnostics to VSCode.\n  connection.sendDiagnostics({\n    uri: textDocument.uri,\n    diagnostics: documentDiagnostics,\n  });\n}\n\nconnection.onDidChangeConfiguration((change) => {\n  if (hasConfigurationCapability) {\n    // Reset all cached document settings\n    documentSettings.clear();\n  } else {\n    globalSettings = <Settings>(\n      (change.settings.languageServerExample || defaultSettings)\n    );\n  }\n\n  // Revalidate all open text documents\n  documents.all().forEach(validateTextDocument);\n});\n\n// Only keep settings for open documents\ndocuments.onDidClose((e) => {\n  documentSettings.delete(e.document.uri);\n});\n\n// The content of a text document has changed. This event is emitted\n// when the text document first opened or when its content has changed.\ndocuments.onDidChangeContent((change) => {\n  if (!kustoCodeScripts.has(change.document.uri)) {\n    kustoCodeScripts.set(\n      change.document.uri,\n      getCodeScriptForDocumentOrNewCodeScript(change.document),\n    );\n  } else {\n    const beforeChange = getCodeScriptForDocumentOrNewCodeScript(\n      change.document,\n    );\n    if (beforeChange) {\n      kustoCodeScripts.set(\n        change.document.uri,\n        beforeChange.WithText(change.document.getText()),\n      );\n    }\n  }\n  validateTextDocument(change.document);\n});\n\nconnection.onDidChangeWatchedFiles((_change) => {\n  // Monitored files have change in VSCode\n  connection.console.log(\n    `We received a file change event. ${_change.changes.length} file changes`,\n  );\n});\n\n// This handler provides the initial list of the completion items.\nconnection.onCompletion(\n  (_textDocumentPosition: TextDocumentPositionParams): CompletionItem[] => {\n    // The pass parameter contains the position of the text document in\n    // which code complete got requested. For the example we ignore this\n    // info and always provide the same completion items.\n\n    const kustoCodeScript = kustoCodeScripts.get(\n      _textDocumentPosition.textDocument.uri,\n    );\n    if (!kustoCodeScript) {\n      return [];\n    }\n\n    try {\n      const completionItems = getVSCodeCompletionItemsAtPosition(\n        kustoCodeScript,\n        _textDocumentPosition.position.line + 1,\n        _textDocumentPosition.position.character + 1,\n      );\n      return completionItems || [];\n    } catch (e) {\n      if (e instanceof Error) {\n        connection.console.error(\n          `Error getting completion items: ${e.message}`,\n        );\n      } else if (typeof e === \"string\") {\n        connection.console.error(`Error getting completion items: ${e}`);\n      }\n      return [];\n    }\n  },\n);\n\n// This handler resolves additional information for the item selected in\n// the completion list.\nconnection.onCompletionResolve((item: CompletionItem): CompletionItem => item);\n\nconnection.onHover((params: TextDocumentPositionParams): Hover | null => {\n  const kustoCodeScript = kustoCodeScripts.get(params.textDocument.uri);\n  if (!kustoCodeScript) {\n    return null;\n  }\n\n  const position = { v: -1 };\n  const positionValid = kustoCodeScript.TryGetTextPosition(\n    params.position.line + 1,\n    params.position.character + 1,\n    position,\n  );\n  if (!positionValid) {\n    return null;\n  }\n\n  const kustoCodeBlock = kustoCodeScript.GetBlockAtPosition(position.v);\n  if (!kustoCodeBlock || !kustoCodeBlock.Service) {\n    return null;\n  }\n\n  try {\n    const quickInfo = kustoCodeBlock.Service.GetQuickInfo(position.v);\n\n    if (!quickInfo || !quickInfo.Text) {\n      return null;\n    }\n\n    // Defensive check: ensure Text property exists and is not null\n    const hoverText = quickInfo.Text ? String(quickInfo.Text) : null;\n    if (!hoverText) {\n      return null;\n    }\n\n    return { contents: hoverText };\n  } catch (e) {\n    // Gracefully handle any errors from GetQuickInfo (e.g., control commands with undefined symbols)\n    connection.console.error(\n      `Error getting hover information: ${\n        e instanceof Error ? e.message : String(e)\n      }`,\n    );\n    return null;\n  }\n});\n\nconnection.onDocumentFormatting(\n  (params: DocumentFormattingParams): TextEdit[] | null => {\n    const kustoCodeScript = kustoCodeScripts.get(params.textDocument.uri);\n    if (!kustoCodeScript) {\n      return null;\n    }\n\n    const formatted = formatCodeScript(kustoCodeScript);\n    if (!formatted) {\n      return null;\n    }\n\n    const changes: TextEdit[] = [\n      TextEdit.replace(\n        {\n          start: { line: 0, character: 0 },\n          end: { line: Number.MAX_VALUE, character: Number.MAX_VALUE },\n        },\n        formatted,\n      ),\n    ];\n    return changes;\n  },\n);\n\n/*\nconnection.onDidOpenTextDocument((params) => {\n    // A text document got opened in VSCode.\n    // params.uri uniquely identifies the document. For documents store on disk this is a file URI.\n    // params.text the initial full content of the document.\n    connection.console.log(`${params.textDocument.uri} opened.`);\n});\nconnection.onDidChangeTextDocument((params) => {\n    // The content of a text document did change in VSCode.\n    // params.uri uniquely identifies the document.\n    // params.contentChanges describe the content changes to the document.\n    connection.console.log(`${params.textDocument.uri} changed: ${JSON.stringify(params.contentChanges)}`);\n});\nconnection.onDidCloseTextDocument((params) => {\n    // A text document got closed in VSCode.\n    // params.uri uniquely identifies the document.\n    connection.console.log(`${params.textDocument.uri} closed.`);\n});\n*/\n\n// Make the text document manager listen on the connection\n// for open, change and close text document events\ndocuments.listen(connection);\n\n// Listen on the connection\nconnection.listen();\n"]},"all":true}}