TN:
SF:src/kustoCompletion.ts
FN:3,getVSCodeCompletionItemKind
FN:46,getCompletionItemsAtPosition
FN:79,getVSCodeCompletionItemsAtPosition
FN:96,(anonymous_3)
FN:106,(anonymous_4)
FNF:5
FNH:0
FNDA:0,getVSCodeCompletionItemKind
FNDA:0,getCompletionItemsAtPosition
FNDA:0,getVSCodeCompletionItemsAtPosition
FNDA:0,(anonymous_3)
FNDA:0,(anonymous_4)
DA:1,0
DA:7,0
DA:8,0
DA:11,0
DA:13,0
DA:15,0
DA:17,0
DA:19,0
DA:24,0
DA:26,0
DA:29,0
DA:37,0
DA:42,0
DA:51,0
DA:52,0
DA:57,0
DA:58,0
DA:62,0
DA:63,0
DA:64,0
DA:69,0
DA:70,0
DA:71,0
DA:76,0
DA:79,0
DA:84,0
DA:89,0
DA:90,0
DA:94,0
DA:98,0
DA:99,0
DA:101,0
DA:106,0
DA:107,0
LF:34
LH:0
BRDA:7,0,0,0
BRDA:7,0,1,0
BRDA:7,1,0,0
BRDA:7,1,1,0
BRDA:7,1,2,0
BRDA:11,2,0,0
BRDA:11,2,1,0
BRDA:11,2,2,0
BRDA:11,2,3,0
BRDA:11,2,4,0
BRDA:11,2,5,0
BRDA:11,2,6,0
BRDA:11,2,7,0
BRDA:11,2,8,0
BRDA:11,2,9,0
BRDA:11,2,10,0
BRDA:11,2,11,0
BRDA:11,2,12,0
BRDA:11,2,13,0
BRDA:11,2,14,0
BRDA:11,2,15,0
BRDA:11,2,16,0
BRDA:11,2,17,0
BRDA:11,2,18,0
BRDA:11,2,19,0
BRDA:11,2,20,0
BRDA:11,2,21,0
BRDA:57,3,0,0
BRDA:57,3,1,0
BRDA:63,4,0,0
BRDA:63,4,1,0
BRDA:63,5,0,0
BRDA:63,5,1,0
BRDA:70,6,0,0
BRDA:70,6,1,0
BRDA:89,7,0,0
BRDA:89,7,1,0
BRDA:89,8,0,0
BRDA:89,8,1,0
BRDA:98,9,0,0
BRDA:98,9,1,0
BRDA:102,10,0,0
BRDA:102,10,1,0
BRF:43
BRH:0
end_of_record
TN:
SF:src/kustoConnection.ts
FN:16,getClient
FN:33,(anonymous_1)
FN:45,getFirstOrDefaultClient
FNF:3
FNH:0
FNDA:0,getClient
FNDA:0,(anonymous_1)
FNDA:0,getFirstOrDefaultClient
DA:1,0
DA:14,0
DA:16,0
DA:21,0
DA:22,0
DA:25,0
DA:26,0
DA:27,0
DA:30,0
DA:34,0
DA:40,0
DA:41,0
DA:42,0
DA:45,0
DA:50,0
DA:51,0
DA:52,0
DA:57,0
LF:18
LH:0
BRDA:21,0,0,0
BRDA:21,0,1,0
BRDA:26,1,0,0
BRDA:26,1,1,0
BRDA:50,2,0,0
BRDA:50,2,1,0
BRF:6
BRH:0
end_of_record
TN:
SF:src/kustoFormat.ts
FN:5,formatBlock
FN:68,formatCodeScript
FNF:2
FNH:0
FNDA:0,formatBlock
FNDA:0,formatCodeScript
DA:2,0
DA:3,0
DA:14,0
DA:15,0
DA:18,0
DA:19,0
DA:20,0
DA:23,0
DA:24,0
DA:25,0
DA:27,0
DA:29,0
DA:30,0
DA:31,0
DA:34,0
DA:41,0
DA:42,0
DA:44,0
DA:45,0
DA:49,0
DA:55,0
DA:61,0
DA:68,0
DA:71,0
DA:73,0
DA:74,0
DA:75,0
DA:76,0
DA:77,0
DA:78,0
DA:81,0
DA:82,0
DA:83,0
DA:88,0
DA:90,0
DA:92,0
DA:94,0
DA:95,0
DA:99,0
LF:39
LH:0
BRDA:14,0,0,0
BRDA:14,0,1,0
BRDA:19,1,0,0
BRDA:19,1,1,0
BRDA:19,2,0,0
BRDA:19,2,1,0
BRDA:27,3,0,0
BRDA:27,3,1,0
BRDA:29,4,0,0
BRDA:29,4,1,0
BRDA:41,5,0,0
BRDA:41,5,1,0
BRDA:44,6,0,0
BRDA:44,6,1,0
BRDA:77,7,0,0
BRDA:77,7,1,0
BRDA:88,8,0,0
BRDA:88,8,1,0
BRDA:94,9,0,0
BRDA:94,9,1,0
BRF:20
BRH:0
end_of_record
TN:
SF:src/kustoSymbols.ts
FN:34,getTypeSymbol
FN:52,getSingleParameter
FN:58,(anonymous_9)
FN:74,getParameters
FN:80,(anonymous_11)
FN:82,(anonymous_12)
FN:86,getTableColumns
FN:95,(anonymous_14)
FN:124,getDatabasesOnCluster
FN:128,(anonymous_16)
FN:133,(anonymous_17)
FN:168,getFunctionMetadata
FN:172,(anonymous_19)
FN:182,(anonymous_20)
FN:222,getTableMetadata
FN:226,(anonymous_22)
FN:236,(anonymous_23)
FN:265,getTableSchema
FN:270,(anonymous_25)
FN:274,(anonymous_26)
FN:305,getTableSymbols
FN:318,getFunctionSymbols
FN:343,getSymbolsOnCluster
FN:379,getSymbolsOnTable
FNF:24
FNH:0
FNDA:0,getTypeSymbol
FNDA:0,getSingleParameter
FNDA:0,(anonymous_9)
FNDA:0,getParameters
FNDA:0,(anonymous_11)
FNDA:0,(anonymous_12)
FNDA:0,getTableColumns
FNDA:0,(anonymous_14)
FNDA:0,getDatabasesOnCluster
FNDA:0,(anonymous_16)
FNDA:0,(anonymous_17)
FNDA:0,getFunctionMetadata
FNDA:0,(anonymous_19)
FNDA:0,(anonymous_20)
FNDA:0,getTableMetadata
FNDA:0,(anonymous_22)
FNDA:0,(anonymous_23)
FNDA:0,getTableSchema
FNDA:0,(anonymous_25)
FNDA:0,(anonymous_26)
FNDA:0,getTableSymbols
FNDA:0,getFunctionSymbols
FNDA:0,getSymbolsOnCluster
FNDA:0,getSymbolsOnTable
DA:38,0
DA:39,0
DA:42,0
DA:43,0
DA:47,0
DA:48,0
DA:58,0
DA:61,0
DA:64,0
DA:65,0
DA:68,0
DA:77,0
DA:80,0
DA:81,0
DA:82,0
DA:83,0
DA:89,0
DA:91,0
DA:93,0
DA:95,0
DA:97,0
DA:98,0
DA:100,0
DA:101,0
DA:115,0
DA:128,0
DA:129,0
DA:130,0
DA:134,0
DA:135,0
DA:139,0
DA:140,0
DA:141,0
DA:143,0
DA:145,0
DA:146,0
DA:153,0
DA:172,0
DA:178,0
DA:179,0
DA:183,0
DA:184,0
DA:188,0
DA:189,0
DA:190,0
DA:192,0
DA:194,0
DA:195,0
DA:206,0
DA:226,0
DA:232,0
DA:233,0
DA:237,0
DA:238,0
DA:242,0
DA:243,0
DA:244,0
DA:246,0
DA:248,0
DA:249,0
DA:260,0
DA:270,0
DA:271,0
DA:275,0
DA:276,0
DA:280,0
DA:281,0
DA:282,0
DA:284,0
DA:287,0
DA:300,0
DA:308,0
DA:310,0
DA:311,0
DA:315,0
DA:324,0
DA:327,0
DA:329,0
DA:333,0
DA:338,0
DA:343,0
DA:355,0
DA:359,0
DA:363,0
DA:364,0
DA:365,0
DA:367,0
DA:368,0
DA:369,0
DA:370,0
DA:379,0
DA:385,0
DA:390,0
DA:391,0
DA:395,0
DA:396,0
DA:398,0
LF:97
LH:0
BRDA:38,0,0,0
BRDA:38,0,1,0
BRDA:38,1,0,0
BRDA:38,1,1,0
BRDA:61,2,0,0
BRDA:61,2,1,0
BRDA:61,3,0,0
BRDA:61,3,1,0
BRDA:64,4,0,0
BRDA:64,4,1,0
BRDA:64,5,0,0
BRDA:64,5,1,0
BRDA:97,6,0,0
BRDA:97,6,1,0
BRDA:97,7,0,0
BRDA:97,7,1,0
BRDA:100,8,0,0
BRDA:100,8,1,0
BRDA:134,9,0,0
BRDA:134,9,1,0
BRDA:140,10,0,0
BRDA:140,10,1,0
BRDA:140,11,0,0
BRDA:140,11,1,0
BRDA:183,12,0,0
BRDA:183,12,1,0
BRDA:189,13,0,0
BRDA:189,13,1,0
BRDA:189,14,0,0
BRDA:189,14,1,0
BRDA:237,15,0,0
BRDA:237,15,1,0
BRDA:243,16,0,0
BRDA:243,16,1,0
BRDA:243,17,0,0
BRDA:243,17,1,0
BRDA:275,18,0,0
BRDA:275,18,1,0
BRDA:281,19,0,0
BRDA:281,19,1,0
BRDA:281,20,0,0
BRDA:281,20,1,0
BRDA:364,21,0,0
BRDA:364,21,1,0
BRDA:395,22,0,0
BRDA:395,22,1,0
BRF:46
BRH:0
end_of_record
TN:
SF:src/server.ts
FN:53,(anonymous_7)
FN:84,(anonymous_8)
FN:84,(anonymous_9)
FN:93,(anonymous_10)
FN:106,(anonymous_11)
FN:114,(anonymous_12)
FN:118,(anonymous_13)
FN:140,(anonymous_14)
FN:162,(anonymous_15)
FN:162,(anonymous_16)
FN:202,(anonymous_17)
FN:238,getCodeScriptForDocumentOrNewCodeScript
FN:250,getDocumentSettings
FN:265,validateTextDocument
FN:314,(anonymous_22)
FN:329,(anonymous_23)
FN:335,(anonymous_24)
FN:355,(anonymous_25)
FN:364,(anonymous_26)
FN:398,(anonymous_27)
FN:400,(anonymous_28)
FN:447,(anonymous_29)
FN:492,(anonymous_30)
FNF:23
FNH:0
FNDA:0,(anonymous_7)
FNDA:0,(anonymous_8)
FNDA:0,(anonymous_9)
FNDA:0,(anonymous_10)
FNDA:0,(anonymous_11)
FNDA:0,(anonymous_12)
FNDA:0,(anonymous_13)
FNDA:0,(anonymous_14)
FNDA:0,(anonymous_15)
FNDA:0,(anonymous_16)
FNDA:0,(anonymous_17)
FNDA:0,getCodeScriptForDocumentOrNewCodeScript
FNDA:0,getDocumentSettings
FNDA:0,validateTextDocument
FNDA:0,(anonymous_22)
FNDA:0,(anonymous_23)
FNDA:0,(anonymous_24)
FNDA:0,(anonymous_25)
FNDA:0,(anonymous_26)
FNDA:0,(anonymous_27)
FNDA:0,(anonymous_28)
FNDA:0,(anonymous_29)
FNDA:0,(anonymous_30)
DA:1,0
DA:2,0
DA:4,0
DA:22,0
DA:24,0
DA:29,0
DA:30,0
DA:31,0
DA:35,0
DA:39,0
DA:43,0
DA:47,0
DA:49,0
DA:50,0
DA:51,0
DA:53,0
DA:54,0
DA:58,0
DA:62,0
DA:65,0
DA:71,0
DA:84,0
DA:85,0
DA:87,0
DA:92,0
DA:93,0
DA:94,0
DA:99,0
DA:104,0
DA:114,0
DA:115,0
DA:119,0
DA:129,0
DA:130,0
DA:131,0
DA:136,0
DA:140,0
DA:141,0
DA:142,0
DA:146,0
DA:147,0
DA:148,0
DA:149,0
DA:150,0
DA:152,0
DA:162,0
DA:163,0
DA:164,0
DA:165,0
DA:167,0
DA:168,0
DA:173,0
DA:176,0
DA:178,0
DA:179,0
DA:184,0
DA:187,0
DA:188,0
DA:194,0
DA:198,0
DA:202,0
DA:203,0
DA:204,0
DA:208,0
DA:209,0
DA:210,0
DA:211,0
DA:212,0
DA:214,0
DA:230,0
DA:233,0
DA:236,0
DA:241,0
DA:251,0
DA:252,0
DA:254,0
DA:255,0
DA:256,0
DA:260,0
DA:262,0
DA:266,0
DA:267,0
DA:268,0
DA:269,0
DA:272,0
DA:273,0
DA:274,0
DA:277,0
DA:279,0
DA:280,0
DA:281,0
DA:283,0
DA:284,0
DA:285,0
DA:287,0
DA:289,0
DA:290,0
DA:292,0
DA:294,0
DA:295,0
DA:296,0
DA:308,0
DA:314,0
DA:315,0
DA:317,0
DA:319,0
DA:325,0
DA:329,0
DA:330,0
DA:335,0
DA:336,0
DA:337,0
DA:342,0
DA:345,0
DA:346,0
DA:352,0
DA:355,0
DA:357,0
DA:363,0
DA:369,0
DA:372,0
DA:373,0
DA:376,0
DA:377,0
DA:382,0
DA:384,0
DA:385,0
DA:388,0
DA:389,0
DA:391,0
DA:398,0
DA:400,0
DA:401,0
DA:402,0
DA:403,0
DA:406,0
DA:407,0
DA:412,0
DA:413,0
DA:416,0
DA:417,0
DA:418,0
DA:421,0
DA:422,0
DA:424,0
DA:425,0
DA:429,0
DA:430,0
DA:431,0
DA:434,0
DA:437,0
DA:442,0
DA:446,0
DA:448,0
DA:449,0
DA:450,0
DA:453,0
DA:454,0
DA:458,0
DA:462,0
DA:463,0
DA:464,0
DA:465,0
DA:467,0
DA:468,0
DA:469,0
DA:472,0
DA:473,0
DA:474,0
DA:476,0
DA:487,0
DA:491,0
DA:493,0
DA:494,0
DA:495,0
DA:498,0
DA:499,0
DA:500,0
DA:503,0
DA:512,0
DA:538,0
DA:541,0
LF:182
LH:0
BRDA:59,0,0,0
BRDA:59,0,1,0
BRDA:63,1,0,0
BRDA:63,1,1,0
BRDA:66,2,0,0
BRDA:66,2,1,0
BRDA:66,2,2,0
BRDA:85,3,0,0
BRDA:85,3,1,0
BRDA:92,4,0,0
BRDA:92,4,1,0
BRDA:99,5,0,0
BRDA:99,5,1,0
BRDA:141,6,0,0
BRDA:141,6,1,0
BRDA:147,7,0,0
BRDA:147,7,1,0
BRDA:149,8,0,0
BRDA:149,8,1,0
BRDA:167,9,0,0
BRDA:167,9,1,0
BRDA:167,10,0,0
BRDA:167,10,1,0
BRDA:178,11,0,0
BRDA:178,11,1,0
BRDA:203,12,0,0
BRDA:203,12,1,0
BRDA:209,13,0,0
BRDA:209,13,1,0
BRDA:211,14,0,0
BRDA:211,14,1,0
BRDA:242,15,0,0
BRDA:242,15,1,0
BRDA:251,16,0,0
BRDA:251,16,1,0
BRDA:255,17,0,0
BRDA:255,17,1,0
BRDA:267,18,0,0
BRDA:267,18,1,0
BRDA:273,19,0,0
BRDA:273,19,1,0
BRDA:280,20,0,0
BRDA:280,20,1,0
BRDA:285,21,0,0
BRDA:285,21,1,0
BRDA:290,22,0,0
BRDA:290,22,1,0
BRDA:302,23,0,0
BRDA:302,23,1,0
BRDA:315,24,0,0
BRDA:315,24,1,0
BRDA:320,25,0,0
BRDA:320,25,1,0
BRDA:336,26,0,0
BRDA:336,26,1,0
BRDA:345,27,0,0
BRDA:345,27,1,0
BRDA:372,28,0,0
BRDA:372,28,1,0
BRDA:382,29,0,0
BRDA:382,29,1,0
BRDA:384,30,0,0
BRDA:384,30,1,0
BRDA:388,31,0,0
BRDA:388,31,1,0
BRDA:402,32,0,0
BRDA:402,32,1,0
BRDA:412,33,0,0
BRDA:412,33,1,0
BRDA:417,34,0,0
BRDA:417,34,1,0
BRDA:417,35,0,0
BRDA:417,35,1,0
BRDA:424,36,0,0
BRDA:424,36,1,0
BRDA:424,37,0,0
BRDA:424,37,1,0
BRDA:429,38,0,0
BRDA:429,38,1,0
BRDA:430,39,0,0
BRDA:430,39,1,0
BRDA:439,40,0,0
BRDA:439,40,1,0
BRDA:449,41,0,0
BRDA:449,41,1,0
BRDA:469,42,0,0
BRDA:469,42,1,0
BRDA:473,43,0,0
BRDA:473,43,1,0
BRDA:494,44,0,0
BRDA:494,44,1,0
BRDA:499,45,0,0
BRDA:499,45,1,0
BRF:93
BRH:0
end_of_record
